2021-05-06_10-44-45 [restartedMain] INFO  c.c.a.AuthorizatiionMicroserviceApplication - Starting AuthorizatiionMicroserviceApplication using Java 1.8.0_201 on DESKTOP-V60NDFE with PID 640 (G:\CTS Training\CDE-Project-International-Patients-treatment-management\Authorizatiion-Microservice\target\classes started by Chandana in G:\CTS Training\CDE-Project-International-Patients-treatment-management\Authorizatiion-Microservice)
2021-05-06_10-44-45 [restartedMain] INFO  c.c.a.AuthorizatiionMicroserviceApplication - No active profile set, falling back to default profiles: default
2021-05-06_10-44-45 [restartedMain] INFO  o.s.b.d.e.DevToolsPropertyDefaultsPostProcessor - Devtools property defaults active! Set 'spring.devtools.add-properties' to 'false' to disable
2021-05-06_10-44-45 [restartedMain] INFO  o.s.b.d.e.DevToolsPropertyDefaultsPostProcessor - For additional web related logging consider setting the 'logging.level.web' property to 'DEBUG'
2021-05-06_10-44-45 [restartedMain] INFO  o.s.d.r.c.RepositoryConfigurationDelegate - Bootstrapping Spring Data JPA repositories in DEFAULT mode.
2021-05-06_10-44-45 [restartedMain] INFO  o.s.d.r.c.RepositoryConfigurationDelegate - Finished Spring Data repository scanning in 369 ms. Found 1 JPA repository interfaces.
2021-05-06_10-44-45 [restartedMain] INFO  o.s.cloud.context.scope.GenericScope - BeanFactory id=17a149ef-bdf0-3183-9b89-1dc5d9e72896
2021-05-06_10-44-45 [restartedMain] INFO  o.s.b.w.e.tomcat.TomcatWebServer - Tomcat initialized with port(s): 8400 (http)
2021-05-06_10-44-45 [restartedMain] INFO  o.a.coyote.http11.Http11NioProtocol - Initializing ProtocolHandler ["http-nio-8400"]
2021-05-06_10-44-45 [restartedMain] INFO  o.a.catalina.core.StandardService - Starting service [Tomcat]
2021-05-06_10-44-45 [restartedMain] INFO  o.a.catalina.core.StandardEngine - Starting Servlet engine: [Apache Tomcat/9.0.41]
2021-05-06_10-44-45 [restartedMain] INFO  o.a.c.c.C.[.[localhost].[/auth] - Initializing Spring embedded WebApplicationContext
2021-05-06_10-44-45 [restartedMain] INFO  o.s.b.w.s.c.ServletWebServerApplicationContext - Root WebApplicationContext: initialization completed in 12537 ms
2021-05-06_10-44-45 [restartedMain] INFO  com.zaxxer.hikari.HikariDataSource - HikariPool-1 - Starting...
2021-05-06_10-44-45 [restartedMain] INFO  com.zaxxer.hikari.HikariDataSource - HikariPool-1 - Start completed.
2021-05-06_10-44-45 [restartedMain] INFO  o.s.b.a.h.H2ConsoleAutoConfiguration - H2 console available at '/db'. Database available at 'jdbc:h2:mem:testdb'
2021-05-06_10-44-45 [restartedMain] INFO  o.h.jpa.internal.util.LogHelper - HHH000204: Processing PersistenceUnitInfo [name: default]
2021-05-06_10-44-45 [restartedMain] INFO  org.hibernate.Version - HHH000412: Hibernate ORM core version 5.4.27.Final
2021-05-06_10-44-45 [restartedMain] INFO  o.h.annotations.common.Version - HCANN000001: Hibernate Commons Annotations {5.1.2.Final}
2021-05-06_10-44-45 [restartedMain] INFO  org.hibernate.dialect.Dialect - HHH000400: Using dialect: org.hibernate.dialect.H2Dialect
2021-05-06_10-44-45 [restartedMain] INFO  o.h.e.t.j.p.i.JtaPlatformInitiator - HHH000490: Using JtaPlatform implementation: [org.hibernate.engine.transaction.jta.platform.internal.NoJtaPlatform]
2021-05-06_10-44-45 [restartedMain] INFO  o.s.o.j.LocalContainerEntityManagerFactoryBean - Initialized JPA EntityManagerFactory for persistence unit 'default'
2021-05-06_10-44-45 [restartedMain] INFO  o.s.b.d.a.OptionalLiveReloadServer - LiveReload server is running on port 35729
2021-05-06_10-44-45 [restartedMain] INFO  s.d.s.w.PropertySourcedRequestMappingHandlerMapping - Mapped URL path [/v2/api-docs] onto method [springfox.documentation.swagger2.web.Swagger2Controller#getDocumentation(String, HttpServletRequest)]
2021-05-06_10-44-45 [restartedMain] INFO  o.s.s.web.DefaultSecurityFilterChain - Will secure any request with [org.springframework.security.web.context.request.async.WebAsyncManagerIntegrationFilter@5a679d5a, org.springframework.security.web.context.SecurityContextPersistenceFilter@4c2a88ac, org.springframework.security.web.header.HeaderWriterFilter@20d7e41c, org.springframework.security.web.authentication.logout.LogoutFilter@518cffa1, com.cts.authorization.config.JwtRequestFilter@19907b78, org.springframework.security.web.savedrequest.RequestCacheAwareFilter@5d6e65f1, org.springframework.security.web.servletapi.SecurityContextHolderAwareRequestFilter@e18667a, org.springframework.security.web.authentication.AnonymousAuthenticationFilter@45fd23e9, org.springframework.security.web.session.SessionManagementFilter@6ffa6c17, org.springframework.security.web.access.ExceptionTranslationFilter@218922, org.springframework.security.web.access.intercept.FilterSecurityInterceptor@62cdb6ea]
2021-05-06_10-44-45 [restartedMain] INFO  o.s.s.c.ThreadPoolTaskExecutor - Initializing ExecutorService 'applicationTaskExecutor'
2021-05-06_10-44-45 [restartedMain] INFO  o.a.coyote.http11.Http11NioProtocol - Starting ProtocolHandler ["http-nio-8400"]
2021-05-06_10-44-45 [restartedMain] INFO  o.s.b.w.e.tomcat.TomcatWebServer - Tomcat started on port(s): 8400 (http) with context path '/auth'
2021-05-06_10-44-45 [restartedMain] INFO  s.d.s.w.p.DocumentationPluginsBootstrapper - Context refreshed
2021-05-06_10-44-45 [restartedMain] INFO  s.d.s.w.p.DocumentationPluginsBootstrapper - Found 1 custom documentation plugin(s)
2021-05-06_10-44-45 [restartedMain] INFO  s.d.s.w.s.ApiListingReferenceScanner - Scanning for api listing references
2021-05-06_10-44-45 [restartedMain] INFO  c.c.a.AuthorizatiionMicroserviceApplication - Started AuthorizatiionMicroserviceApplication in 37.514 seconds (JVM running for 41.134)
2021-05-06_10-44-45 [http-nio-8400-exec-1] INFO  o.a.c.c.C.[.[localhost].[/auth] - Initializing Spring DispatcherServlet 'dispatcherServlet'
2021-05-06_10-44-45 [http-nio-8400-exec-1] INFO  o.s.web.servlet.DispatcherServlet - Initializing Servlet 'dispatcherServlet'
2021-05-06_10-44-45 [http-nio-8400-exec-1] INFO  o.s.web.servlet.DispatcherServlet - Completed initialization in 13 ms
2021-05-06_10-44-45 [http-nio-8400-exec-1] INFO  c.c.a.service.JwtUserDetailsService - User found
2021-05-06_10-44-45 [http-nio-8400-exec-1] INFO  c.c.a.service.JwtUserDetailsService - user successfully located
2021-05-06_10-44-45 [http-nio-8400-exec-1] INFO  c.c.a.service.JwtUserDetailsService - User found
2021-05-06_10-44-45 [http-nio-8400-exec-1] INFO  c.c.a.service.JwtUserDetailsService - user successfully located
2021-05-06_10-44-45 [http-nio-8400-exec-2] INFO  c.c.a.service.JwtUserDetailsService - User found
2021-05-06_10-44-45 [http-nio-8400-exec-2] INFO  c.c.a.service.JwtUserDetailsService - user successfully located
2021-05-06_10-44-45 [http-nio-8400-exec-2] INFO  c.c.a.service.JwtUserDetailsService - User found
2021-05-06_10-44-45 [http-nio-8400-exec-2] INFO  c.c.a.service.JwtUserDetailsService - user successfully located
2021-05-06_10-44-45 [http-nio-8400-exec-3] INFO  c.c.a.service.JwtUserDetailsService - User found
2021-05-06_10-44-45 [http-nio-8400-exec-3] INFO  c.c.a.service.JwtUserDetailsService - user successfully located
2021-05-06_10-44-45 [Thread-7] INFO  o.s.s.c.ThreadPoolTaskExecutor - Shutting down ExecutorService 'applicationTaskExecutor'
2021-05-06_10-44-45 [Thread-7] INFO  o.s.o.j.LocalContainerEntityManagerFactoryBean - Closing JPA EntityManagerFactory for persistence unit 'default'
2021-05-06_10-44-45 [Thread-7] INFO  o.h.t.s.i.SchemaDropperImpl$DelayedDropActionImpl - HHH000477: Starting delayed evictData of schema as part of SessionFactory shut-down'
2021-05-06_10-44-45 [Thread-7] INFO  com.zaxxer.hikari.HikariDataSource - HikariPool-1 - Shutdown initiated...
2021-05-06_10-44-45 [Thread-7] INFO  com.zaxxer.hikari.HikariDataSource - HikariPool-1 - Shutdown completed.
2021-05-06_10-54-38 [restartedMain] INFO  c.c.a.AuthorizatiionMicroserviceApplication - Starting AuthorizatiionMicroserviceApplication using Java 1.8.0_201 on DESKTOP-V60NDFE with PID 640 (G:\CTS Training\CDE-Project-International-Patients-treatment-management\Authorizatiion-Microservice\target\classes started by Chandana in G:\CTS Training\CDE-Project-International-Patients-treatment-management\Authorizatiion-Microservice)
2021-05-06_10-54-38 [restartedMain] INFO  c.c.a.AuthorizatiionMicroserviceApplication - No active profile set, falling back to default profiles: default
2021-05-06_10-54-38 [restartedMain] INFO  o.s.d.r.c.RepositoryConfigurationDelegate - Bootstrapping Spring Data JPA repositories in DEFAULT mode.
2021-05-06_10-54-38 [restartedMain] INFO  o.s.d.r.c.RepositoryConfigurationDelegate - Finished Spring Data repository scanning in 968 ms. Found 1 JPA repository interfaces.
2021-05-06_10-54-38 [restartedMain] INFO  o.s.cloud.context.scope.GenericScope - BeanFactory id=17a149ef-bdf0-3183-9b89-1dc5d9e72896
2021-05-06_10-54-38 [restartedMain] INFO  o.s.b.w.e.tomcat.TomcatWebServer - Tomcat initialized with port(s): 8400 (http)
2021-05-06_10-54-38 [restartedMain] INFO  o.a.coyote.http11.Http11NioProtocol - Initializing ProtocolHandler ["http-nio-8400"]
2021-05-06_10-54-38 [restartedMain] INFO  o.a.catalina.core.StandardService - Starting service [Tomcat]
2021-05-06_10-54-38 [restartedMain] INFO  o.a.catalina.core.StandardEngine - Starting Servlet engine: [Apache Tomcat/9.0.41]
2021-05-06_10-54-38 [restartedMain] INFO  o.a.c.c.C.[.[localhost].[/auth] - Initializing Spring embedded WebApplicationContext
2021-05-06_10-54-38 [restartedMain] INFO  o.s.b.w.s.c.ServletWebServerApplicationContext - Root WebApplicationContext: initialization completed in 14618 ms
2021-05-06_10-54-38 [restartedMain] INFO  com.zaxxer.hikari.HikariDataSource - HikariPool-2 - Starting...
2021-05-06_10-54-38 [restartedMain] INFO  com.zaxxer.hikari.HikariDataSource - HikariPool-2 - Start completed.
2021-05-06_10-54-38 [restartedMain] INFO  o.s.b.a.h.H2ConsoleAutoConfiguration - H2 console available at '/db'. Database available at 'jdbc:h2:mem:testdb'
2021-05-06_10-54-38 [restartedMain] INFO  o.h.jpa.internal.util.LogHelper - HHH000204: Processing PersistenceUnitInfo [name: default]
2021-05-06_10-54-38 [restartedMain] INFO  org.hibernate.dialect.Dialect - HHH000400: Using dialect: org.hibernate.dialect.H2Dialect
2021-05-06_10-54-38 [restartedMain] INFO  o.h.e.t.j.p.i.JtaPlatformInitiator - HHH000490: Using JtaPlatform implementation: [org.hibernate.engine.transaction.jta.platform.internal.NoJtaPlatform]
2021-05-06_10-54-38 [restartedMain] INFO  o.s.o.j.LocalContainerEntityManagerFactoryBean - Initialized JPA EntityManagerFactory for persistence unit 'default'
2021-05-06_10-54-38 [restartedMain] INFO  o.s.b.d.a.OptionalLiveReloadServer - LiveReload server is running on port 35729
2021-05-06_10-54-38 [restartedMain] INFO  s.d.s.w.PropertySourcedRequestMappingHandlerMapping - Mapped URL path [/v2/api-docs] onto method [springfox.documentation.swagger2.web.Swagger2Controller#getDocumentation(String, HttpServletRequest)]
2021-05-06_10-54-38 [restartedMain] INFO  o.s.s.web.DefaultSecurityFilterChain - Will secure any request with [org.springframework.security.web.context.request.async.WebAsyncManagerIntegrationFilter@541117fc, org.springframework.security.web.context.SecurityContextPersistenceFilter@5afc57b1, org.springframework.security.web.header.HeaderWriterFilter@71bf9ed7, org.springframework.security.web.authentication.logout.LogoutFilter@5679ce9a, com.cts.authorization.config.JwtRequestFilter@24db05d9, org.springframework.security.web.savedrequest.RequestCacheAwareFilter@73f11979, org.springframework.security.web.servletapi.SecurityContextHolderAwareRequestFilter@7eb578f6, org.springframework.security.web.authentication.AnonymousAuthenticationFilter@14a9eee7, org.springframework.security.web.session.SessionManagementFilter@7a9d570b, org.springframework.security.web.access.ExceptionTranslationFilter@77abd1f6, org.springframework.security.web.access.intercept.FilterSecurityInterceptor@24bf8f80]
2021-05-06_10-54-38 [restartedMain] INFO  o.s.s.c.ThreadPoolTaskExecutor - Initializing ExecutorService 'applicationTaskExecutor'
2021-05-06_10-54-38 [restartedMain] INFO  o.a.coyote.http11.Http11NioProtocol - Starting ProtocolHandler ["http-nio-8400"]
2021-05-06_10-54-38 [restartedMain] INFO  o.s.b.w.e.tomcat.TomcatWebServer - Tomcat started on port(s): 8400 (http) with context path '/auth'
2021-05-06_10-54-38 [restartedMain] INFO  s.d.s.w.p.DocumentationPluginsBootstrapper - Context refreshed
2021-05-06_10-54-38 [restartedMain] INFO  s.d.s.w.p.DocumentationPluginsBootstrapper - Found 1 custom documentation plugin(s)
2021-05-06_10-54-38 [restartedMain] INFO  s.d.s.w.s.ApiListingReferenceScanner - Scanning for api listing references
2021-05-06_10-54-38 [restartedMain] INFO  c.c.a.AuthorizatiionMicroserviceApplication - Started AuthorizatiionMicroserviceApplication in 37.066 seconds (JVM running for 622.645)
2021-05-06_10-54-38 [restartedMain] INFO  o.s.b.d.a.ConditionEvaluationDeltaLoggingListener - Condition evaluation unchanged
2021-05-06_11-38-08 [restartedMain] INFO  c.c.a.AuthorizatiionMicroserviceApplication - Starting AuthorizatiionMicroserviceApplication using Java 1.8.0_201 on DESKTOP-V60NDFE with PID 8064 (G:\CTS Training\CDE-Project-International-Patients-treatment-management\Authorizatiion-Microservice\target\classes started by Chandana in G:\CTS Training\CDE-Project-International-Patients-treatment-management\Authorizatiion-Microservice)
2021-05-06_11-38-08 [restartedMain] INFO  c.c.a.AuthorizatiionMicroserviceApplication - No active profile set, falling back to default profiles: default
2021-05-06_11-38-08 [restartedMain] INFO  o.s.b.d.e.DevToolsPropertyDefaultsPostProcessor - Devtools property defaults active! Set 'spring.devtools.add-properties' to 'false' to disable
2021-05-06_11-38-08 [restartedMain] INFO  o.s.b.d.e.DevToolsPropertyDefaultsPostProcessor - For additional web related logging consider setting the 'logging.level.web' property to 'DEBUG'
2021-05-06_11-38-08 [restartedMain] INFO  o.s.d.r.c.RepositoryConfigurationDelegate - Bootstrapping Spring Data JPA repositories in DEFAULT mode.
2021-05-06_11-38-08 [restartedMain] INFO  o.s.d.r.c.RepositoryConfigurationDelegate - Finished Spring Data repository scanning in 227 ms. Found 1 JPA repository interfaces.
2021-05-06_11-38-08 [restartedMain] INFO  o.s.cloud.context.scope.GenericScope - BeanFactory id=17a149ef-bdf0-3183-9b89-1dc5d9e72896
2021-05-06_11-38-08 [restartedMain] INFO  o.s.b.w.e.tomcat.TomcatWebServer - Tomcat initialized with port(s): 8400 (http)
2021-05-06_11-38-08 [restartedMain] INFO  o.a.coyote.http11.Http11NioProtocol - Initializing ProtocolHandler ["http-nio-8400"]
2021-05-06_11-38-08 [restartedMain] INFO  o.a.catalina.core.StandardService - Starting service [Tomcat]
2021-05-06_11-38-08 [restartedMain] INFO  o.a.catalina.core.StandardEngine - Starting Servlet engine: [Apache Tomcat/9.0.41]
2021-05-06_11-38-08 [restartedMain] INFO  o.a.c.c.C.[.[localhost].[/auth] - Initializing Spring embedded WebApplicationContext
2021-05-06_11-38-08 [restartedMain] INFO  o.s.b.w.s.c.ServletWebServerApplicationContext - Root WebApplicationContext: initialization completed in 10291 ms
2021-05-06_11-38-08 [restartedMain] INFO  com.zaxxer.hikari.HikariDataSource - HikariPool-1 - Starting...
2021-05-06_11-38-08 [restartedMain] INFO  com.zaxxer.hikari.HikariDataSource - HikariPool-1 - Start completed.
2021-05-06_11-38-08 [restartedMain] INFO  o.s.b.a.h.H2ConsoleAutoConfiguration - H2 console available at '/db'. Database available at 'jdbc:h2:mem:testdb'
2021-05-06_11-38-08 [restartedMain] INFO  o.h.jpa.internal.util.LogHelper - HHH000204: Processing PersistenceUnitInfo [name: default]
2021-05-06_11-38-08 [restartedMain] INFO  org.hibernate.Version - HHH000412: Hibernate ORM core version 5.4.27.Final
2021-05-06_11-38-08 [restartedMain] INFO  o.h.annotations.common.Version - HCANN000001: Hibernate Commons Annotations {5.1.2.Final}
2021-05-06_11-38-08 [restartedMain] INFO  org.hibernate.dialect.Dialect - HHH000400: Using dialect: org.hibernate.dialect.H2Dialect
2021-05-06_11-38-08 [restartedMain] INFO  o.h.e.t.j.p.i.JtaPlatformInitiator - HHH000490: Using JtaPlatform implementation: [org.hibernate.engine.transaction.jta.platform.internal.NoJtaPlatform]
2021-05-06_11-38-08 [restartedMain] INFO  o.s.o.j.LocalContainerEntityManagerFactoryBean - Initialized JPA EntityManagerFactory for persistence unit 'default'
2021-05-06_11-38-08 [restartedMain] INFO  s.d.s.w.PropertySourcedRequestMappingHandlerMapping - Mapped URL path [/v2/api-docs] onto method [springfox.documentation.swagger2.web.Swagger2Controller#getDocumentation(String, HttpServletRequest)]
2021-05-06_11-38-08 [restartedMain] INFO  o.s.s.web.DefaultSecurityFilterChain - Will secure any request with [org.springframework.security.web.context.request.async.WebAsyncManagerIntegrationFilter@7122cbc, org.springframework.security.web.context.SecurityContextPersistenceFilter@5724f22, org.springframework.security.web.header.HeaderWriterFilter@791e25f7, org.springframework.security.web.authentication.logout.LogoutFilter@6dc466ef, com.cts.authorization.config.JwtRequestFilter@744d38ca, org.springframework.security.web.savedrequest.RequestCacheAwareFilter@2f88a89b, org.springframework.security.web.servletapi.SecurityContextHolderAwareRequestFilter@35b75f35, org.springframework.security.web.authentication.AnonymousAuthenticationFilter@5566e509, org.springframework.security.web.session.SessionManagementFilter@57b764a7, org.springframework.security.web.access.ExceptionTranslationFilter@47c59def, org.springframework.security.web.access.intercept.FilterSecurityInterceptor@252f02d]
2021-05-06_11-38-08 [restartedMain] INFO  o.s.s.c.ThreadPoolTaskExecutor - Initializing ExecutorService 'applicationTaskExecutor'
2021-05-06_11-38-08 [restartedMain] INFO  o.a.coyote.http11.Http11NioProtocol - Starting ProtocolHandler ["http-nio-8400"]
2021-05-06_11-38-08 [restartedMain] INFO  o.s.b.w.e.tomcat.TomcatWebServer - Tomcat started on port(s): 8400 (http) with context path '/auth'
2021-05-06_11-38-08 [restartedMain] INFO  s.d.s.w.p.DocumentationPluginsBootstrapper - Context refreshed
2021-05-06_11-38-08 [restartedMain] INFO  s.d.s.w.p.DocumentationPluginsBootstrapper - Found 1 custom documentation plugin(s)
2021-05-06_11-38-08 [restartedMain] INFO  s.d.s.w.s.ApiListingReferenceScanner - Scanning for api listing references
2021-05-06_11-38-08 [restartedMain] INFO  c.c.a.AuthorizatiionMicroserviceApplication - Started AuthorizatiionMicroserviceApplication in 24.885 seconds (JVM running for 29.094)
2021-05-06_11-38-08 [http-nio-8400-exec-1] INFO  o.a.c.c.C.[.[localhost].[/auth] - Initializing Spring DispatcherServlet 'dispatcherServlet'
2021-05-06_11-38-08 [http-nio-8400-exec-1] INFO  o.s.web.servlet.DispatcherServlet - Initializing Servlet 'dispatcherServlet'
2021-05-06_11-38-08 [http-nio-8400-exec-1] INFO  o.s.web.servlet.DispatcherServlet - Completed initialization in 6 ms
2021-05-06_11-38-08 [http-nio-8400-exec-1] INFO  c.c.a.service.JwtUserDetailsService - User found
2021-05-06_11-38-08 [http-nio-8400-exec-1] INFO  c.c.a.service.JwtUserDetailsService - user successfully located
2021-05-06_11-38-08 [http-nio-8400-exec-1] INFO  c.c.a.service.JwtUserDetailsService - User found
2021-05-06_11-38-08 [http-nio-8400-exec-1] INFO  c.c.a.service.JwtUserDetailsService - user successfully located
2021-05-06_11-38-08 [http-nio-8400-exec-2] INFO  c.c.a.service.JwtUserDetailsService - User found
2021-05-06_11-38-08 [http-nio-8400-exec-2] INFO  c.c.a.service.JwtUserDetailsService - user successfully located
2021-05-06_11-38-08 [http-nio-8400-exec-5] INFO  c.c.a.service.JwtUserDetailsService - User found
2021-05-06_11-38-08 [http-nio-8400-exec-5] INFO  c.c.a.service.JwtUserDetailsService - user successfully located
2021-05-06_11-38-08 [http-nio-8400-exec-6] INFO  c.c.a.service.JwtUserDetailsService - User found
2021-05-06_11-38-08 [http-nio-8400-exec-6] INFO  c.c.a.service.JwtUserDetailsService - user successfully located
2021-05-06_12-15-22 [restartedMain] INFO  c.c.a.AuthorizatiionMicroserviceApplication - Starting AuthorizatiionMicroserviceApplication using Java 1.8.0_201 on DESKTOP-V60NDFE with PID 5840 (G:\CTS Training\CDE-Project-International-Patients-treatment-management\Authorizatiion-Microservice\target\classes started by Chandana in G:\CTS Training\CDE-Project-International-Patients-treatment-management\Authorizatiion-Microservice)
2021-05-06_12-15-22 [restartedMain] INFO  c.c.a.AuthorizatiionMicroserviceApplication - No active profile set, falling back to default profiles: default
2021-05-06_12-15-22 [restartedMain] INFO  o.s.b.d.e.DevToolsPropertyDefaultsPostProcessor - Devtools property defaults active! Set 'spring.devtools.add-properties' to 'false' to disable
2021-05-06_12-15-22 [restartedMain] INFO  o.s.b.d.e.DevToolsPropertyDefaultsPostProcessor - For additional web related logging consider setting the 'logging.level.web' property to 'DEBUG'
2021-05-06_12-15-22 [restartedMain] INFO  o.s.d.r.c.RepositoryConfigurationDelegate - Bootstrapping Spring Data JPA repositories in DEFAULT mode.
2021-05-06_12-15-22 [restartedMain] INFO  o.s.d.r.c.RepositoryConfigurationDelegate - Finished Spring Data repository scanning in 222 ms. Found 1 JPA repository interfaces.
2021-05-06_12-15-22 [restartedMain] INFO  o.s.cloud.context.scope.GenericScope - BeanFactory id=17a149ef-bdf0-3183-9b89-1dc5d9e72896
2021-05-06_12-15-22 [restartedMain] INFO  o.s.b.w.e.tomcat.TomcatWebServer - Tomcat initialized with port(s): 8400 (http)
2021-05-06_12-15-22 [restartedMain] INFO  o.a.coyote.http11.Http11NioProtocol - Initializing ProtocolHandler ["http-nio-8400"]
2021-05-06_12-15-22 [restartedMain] INFO  o.a.catalina.core.StandardService - Starting service [Tomcat]
2021-05-06_12-15-22 [restartedMain] INFO  o.a.catalina.core.StandardEngine - Starting Servlet engine: [Apache Tomcat/9.0.41]
2021-05-06_12-15-22 [restartedMain] INFO  o.a.c.c.C.[.[localhost].[/auth] - Initializing Spring embedded WebApplicationContext
2021-05-06_12-15-22 [restartedMain] INFO  o.s.b.w.s.c.ServletWebServerApplicationContext - Root WebApplicationContext: initialization completed in 9203 ms
2021-05-06_12-15-22 [restartedMain] INFO  com.zaxxer.hikari.HikariDataSource - HikariPool-1 - Starting...
2021-05-06_12-15-22 [restartedMain] INFO  com.zaxxer.hikari.HikariDataSource - HikariPool-1 - Start completed.
2021-05-06_12-15-22 [restartedMain] INFO  o.s.b.a.h.H2ConsoleAutoConfiguration - H2 console available at '/db'. Database available at 'jdbc:h2:mem:testdb'
2021-05-06_12-15-22 [restartedMain] INFO  o.h.jpa.internal.util.LogHelper - HHH000204: Processing PersistenceUnitInfo [name: default]
2021-05-06_12-15-22 [restartedMain] INFO  org.hibernate.Version - HHH000412: Hibernate ORM core version 5.4.27.Final
2021-05-06_12-15-22 [restartedMain] INFO  o.h.annotations.common.Version - HCANN000001: Hibernate Commons Annotations {5.1.2.Final}
2021-05-06_12-15-22 [restartedMain] INFO  org.hibernate.dialect.Dialect - HHH000400: Using dialect: org.hibernate.dialect.H2Dialect
2021-05-06_12-15-22 [restartedMain] INFO  o.h.e.t.j.p.i.JtaPlatformInitiator - HHH000490: Using JtaPlatform implementation: [org.hibernate.engine.transaction.jta.platform.internal.NoJtaPlatform]
2021-05-06_12-15-22 [restartedMain] INFO  o.s.o.j.LocalContainerEntityManagerFactoryBean - Initialized JPA EntityManagerFactory for persistence unit 'default'
2021-05-06_12-15-22 [restartedMain] INFO  s.d.s.w.PropertySourcedRequestMappingHandlerMapping - Mapped URL path [/v2/api-docs] onto method [springfox.documentation.swagger2.web.Swagger2Controller#getDocumentation(String, HttpServletRequest)]
2021-05-06_12-15-22 [restartedMain] INFO  o.s.s.web.DefaultSecurityFilterChain - Will secure any request with [org.springframework.security.web.context.request.async.WebAsyncManagerIntegrationFilter@2866da11, org.springframework.security.web.context.SecurityContextPersistenceFilter@8c0784b, org.springframework.security.web.header.HeaderWriterFilter@3e514771, org.springframework.security.web.authentication.logout.LogoutFilter@79dd4d24, com.cts.authorization.config.JwtRequestFilter@a48a95f, org.springframework.security.web.savedrequest.RequestCacheAwareFilter@117caa01, org.springframework.security.web.servletapi.SecurityContextHolderAwareRequestFilter@43cbbe76, org.springframework.security.web.authentication.AnonymousAuthenticationFilter@2348439, org.springframework.security.web.session.SessionManagementFilter@6f957844, org.springframework.security.web.access.ExceptionTranslationFilter@162f1b67, org.springframework.security.web.access.intercept.FilterSecurityInterceptor@6aa5151e]
2021-05-06_12-15-22 [restartedMain] INFO  o.s.s.c.ThreadPoolTaskExecutor - Initializing ExecutorService 'applicationTaskExecutor'
2021-05-06_12-15-22 [restartedMain] INFO  o.a.coyote.http11.Http11NioProtocol - Starting ProtocolHandler ["http-nio-8400"]
2021-05-06_12-15-22 [restartedMain] INFO  o.s.b.w.e.tomcat.TomcatWebServer - Tomcat started on port(s): 8400 (http) with context path '/auth'
2021-05-06_12-15-22 [restartedMain] INFO  s.d.s.w.p.DocumentationPluginsBootstrapper - Context refreshed
2021-05-06_12-15-22 [restartedMain] INFO  s.d.s.w.p.DocumentationPluginsBootstrapper - Found 1 custom documentation plugin(s)
2021-05-06_12-15-22 [restartedMain] INFO  s.d.s.w.s.ApiListingReferenceScanner - Scanning for api listing references
2021-05-06_12-15-22 [restartedMain] INFO  c.c.a.AuthorizatiionMicroserviceApplication - Started AuthorizatiionMicroserviceApplication in 23.878 seconds (JVM running for 27.647)
2021-05-06_12-15-22 [http-nio-8400-exec-1] INFO  o.a.c.c.C.[.[localhost].[/auth] - Initializing Spring DispatcherServlet 'dispatcherServlet'
2021-05-06_12-15-22 [http-nio-8400-exec-1] INFO  o.s.web.servlet.DispatcherServlet - Initializing Servlet 'dispatcherServlet'
2021-05-06_12-15-22 [http-nio-8400-exec-1] INFO  o.s.web.servlet.DispatcherServlet - Completed initialization in 15 ms
2021-05-06_12-15-22 [http-nio-8400-exec-1] INFO  c.c.a.service.JwtUserDetailsService - User found
2021-05-06_12-15-22 [http-nio-8400-exec-1] INFO  c.c.a.service.JwtUserDetailsService - user successfully located
2021-05-06_12-15-22 [http-nio-8400-exec-1] INFO  c.c.a.service.JwtUserDetailsService - User found
2021-05-06_12-15-22 [http-nio-8400-exec-1] INFO  c.c.a.service.JwtUserDetailsService - user successfully located
2021-05-06_12-15-22 [http-nio-8400-exec-2] INFO  c.c.a.service.JwtUserDetailsService - User found
2021-05-06_12-15-22 [http-nio-8400-exec-2] INFO  c.c.a.service.JwtUserDetailsService - user successfully located
2021-05-06_12-15-22 [http-nio-8400-exec-3] INFO  c.c.a.service.JwtUserDetailsService - User found
2021-05-06_12-15-22 [http-nio-8400-exec-3] INFO  c.c.a.service.JwtUserDetailsService - user successfully located
2021-05-06_12-15-22 [http-nio-8400-exec-6] INFO  c.c.a.service.JwtUserDetailsService - User found
2021-05-06_12-15-22 [http-nio-8400-exec-6] INFO  c.c.a.service.JwtUserDetailsService - user successfully located
2021-05-06_12-15-22 [http-nio-8400-exec-8] INFO  c.c.a.service.JwtUserDetailsService - User found
2021-05-06_12-15-22 [http-nio-8400-exec-8] INFO  c.c.a.service.JwtUserDetailsService - user successfully located
2021-05-06_12-15-22 [http-nio-8400-exec-10] INFO  c.c.a.service.JwtUserDetailsService - User found
2021-05-06_12-15-22 [http-nio-8400-exec-10] INFO  c.c.a.service.JwtUserDetailsService - user successfully located
2021-05-06_12-15-22 [http-nio-8400-exec-1] INFO  c.c.a.service.JwtUserDetailsService - User found
2021-05-06_12-15-22 [http-nio-8400-exec-1] INFO  c.c.a.service.JwtUserDetailsService - user successfully located
2021-05-06_12-15-22 [http-nio-8400-exec-2] INFO  c.c.a.service.JwtUserDetailsService - User found
2021-05-06_12-15-22 [http-nio-8400-exec-2] INFO  c.c.a.service.JwtUserDetailsService - user successfully located
2021-05-06_12-15-22 [http-nio-8400-exec-3] INFO  c.c.a.service.JwtUserDetailsService - User found
2021-05-06_12-15-22 [http-nio-8400-exec-3] INFO  c.c.a.service.JwtUserDetailsService - user successfully located
2021-05-06_12-15-22 [http-nio-8400-exec-4] INFO  c.c.a.service.JwtUserDetailsService - User found
2021-05-06_12-15-22 [http-nio-8400-exec-4] INFO  c.c.a.service.JwtUserDetailsService - user successfully located
2021-05-06_12-15-22 [http-nio-8400-exec-5] INFO  c.c.a.service.JwtUserDetailsService - User found
2021-05-06_12-15-22 [http-nio-8400-exec-5] INFO  c.c.a.service.JwtUserDetailsService - user successfully located
2021-05-06_12-15-22 [http-nio-8400-exec-6] INFO  c.c.a.service.JwtUserDetailsService - User found
2021-05-06_12-15-22 [http-nio-8400-exec-6] INFO  c.c.a.service.JwtUserDetailsService - user successfully located
2021-05-06_12-15-22 [http-nio-8400-exec-7] INFO  c.c.a.service.JwtUserDetailsService - User found
2021-05-06_12-15-22 [http-nio-8400-exec-7] INFO  c.c.a.service.JwtUserDetailsService - user successfully located
2021-05-06_12-15-22 [http-nio-8400-exec-8] INFO  c.c.a.service.JwtUserDetailsService - User found
2021-05-06_12-15-22 [http-nio-8400-exec-8] INFO  c.c.a.service.JwtUserDetailsService - user successfully located
2021-05-06_12-15-22 [http-nio-8400-exec-9] INFO  c.c.a.service.JwtUserDetailsService - User found
2021-05-06_12-15-22 [http-nio-8400-exec-9] INFO  c.c.a.service.JwtUserDetailsService - user successfully located
2021-05-06_12-15-22 [http-nio-8400-exec-10] INFO  c.c.a.service.JwtUserDetailsService - User found
2021-05-06_12-15-22 [http-nio-8400-exec-10] INFO  c.c.a.service.JwtUserDetailsService - user successfully located
2021-05-06_12-15-22 [http-nio-8400-exec-1] INFO  c.c.a.service.JwtUserDetailsService - User found
2021-05-06_12-15-22 [http-nio-8400-exec-1] INFO  c.c.a.service.JwtUserDetailsService - user successfully located
2021-05-06_12-15-22 [http-nio-8400-exec-2] INFO  c.c.a.service.JwtUserDetailsService - User found
2021-05-06_12-15-22 [http-nio-8400-exec-2] INFO  c.c.a.service.JwtUserDetailsService - user successfully located
2021-05-06_12-15-22 [http-nio-8400-exec-3] INFO  c.c.a.service.JwtUserDetailsService - User found
2021-05-06_12-15-22 [http-nio-8400-exec-3] INFO  c.c.a.service.JwtUserDetailsService - user successfully located
2021-05-06_12-15-22 [http-nio-8400-exec-4] INFO  c.c.a.service.JwtUserDetailsService - User found
2021-05-06_12-15-22 [http-nio-8400-exec-4] INFO  c.c.a.service.JwtUserDetailsService - user successfully located
2021-05-06_12-15-22 [http-nio-8400-exec-5] INFO  c.c.a.service.JwtUserDetailsService - User found
2021-05-06_12-15-22 [http-nio-8400-exec-5] INFO  c.c.a.service.JwtUserDetailsService - user successfully located
2021-05-06_12-15-22 [http-nio-8400-exec-6] INFO  c.c.a.service.JwtUserDetailsService - User found
2021-05-06_12-15-22 [http-nio-8400-exec-6] INFO  c.c.a.service.JwtUserDetailsService - user successfully located
2021-05-06_12-55-37 [restartedMain] INFO  c.c.a.AuthorizatiionMicroserviceApplication - Starting AuthorizatiionMicroserviceApplication using Java 1.8.0_201 on DESKTOP-V60NDFE with PID 10824 (G:\CTS Training\CDE-Project-International-Patients-treatment-management\Authorizatiion-Microservice\target\classes started by Chandana in G:\CTS Training\CDE-Project-International-Patients-treatment-management\Authorizatiion-Microservice)
2021-05-06_12-55-37 [restartedMain] INFO  c.c.a.AuthorizatiionMicroserviceApplication - No active profile set, falling back to default profiles: default
2021-05-06_12-55-37 [restartedMain] INFO  o.s.b.d.e.DevToolsPropertyDefaultsPostProcessor - Devtools property defaults active! Set 'spring.devtools.add-properties' to 'false' to disable
2021-05-06_12-55-37 [restartedMain] INFO  o.s.b.d.e.DevToolsPropertyDefaultsPostProcessor - For additional web related logging consider setting the 'logging.level.web' property to 'DEBUG'
2021-05-06_12-55-37 [restartedMain] INFO  o.s.d.r.c.RepositoryConfigurationDelegate - Bootstrapping Spring Data JPA repositories in DEFAULT mode.
2021-05-06_12-55-37 [restartedMain] INFO  o.s.d.r.c.RepositoryConfigurationDelegate - Finished Spring Data repository scanning in 210 ms. Found 1 JPA repository interfaces.
2021-05-06_12-55-37 [restartedMain] INFO  o.s.cloud.context.scope.GenericScope - BeanFactory id=17a149ef-bdf0-3183-9b89-1dc5d9e72896
2021-05-06_12-55-37 [restartedMain] INFO  o.s.b.w.e.tomcat.TomcatWebServer - Tomcat initialized with port(s): 8400 (http)
2021-05-06_12-55-37 [restartedMain] INFO  o.a.coyote.http11.Http11NioProtocol - Initializing ProtocolHandler ["http-nio-8400"]
2021-05-06_12-55-37 [restartedMain] INFO  o.a.catalina.core.StandardService - Starting service [Tomcat]
2021-05-06_12-55-37 [restartedMain] INFO  o.a.catalina.core.StandardEngine - Starting Servlet engine: [Apache Tomcat/9.0.41]
2021-05-06_12-55-37 [restartedMain] INFO  o.a.c.c.C.[.[localhost].[/auth] - Initializing Spring embedded WebApplicationContext
2021-05-06_12-55-37 [restartedMain] INFO  o.s.b.w.s.c.ServletWebServerApplicationContext - Root WebApplicationContext: initialization completed in 8142 ms
2021-05-06_12-55-37 [restartedMain] INFO  com.zaxxer.hikari.HikariDataSource - HikariPool-1 - Starting...
2021-05-06_12-55-37 [restartedMain] INFO  com.zaxxer.hikari.HikariDataSource - HikariPool-1 - Start completed.
2021-05-06_12-55-37 [restartedMain] INFO  o.s.b.a.h.H2ConsoleAutoConfiguration - H2 console available at '/db'. Database available at 'jdbc:h2:mem:testdb'
2021-05-06_12-55-37 [restartedMain] INFO  o.h.jpa.internal.util.LogHelper - HHH000204: Processing PersistenceUnitInfo [name: default]
2021-05-06_12-55-37 [restartedMain] INFO  org.hibernate.Version - HHH000412: Hibernate ORM core version 5.4.27.Final
2021-05-06_12-55-37 [restartedMain] INFO  o.h.annotations.common.Version - HCANN000001: Hibernate Commons Annotations {5.1.2.Final}
2021-05-06_12-55-37 [restartedMain] INFO  org.hibernate.dialect.Dialect - HHH000400: Using dialect: org.hibernate.dialect.H2Dialect
2021-05-06_12-55-37 [restartedMain] INFO  o.h.e.t.j.p.i.JtaPlatformInitiator - HHH000490: Using JtaPlatform implementation: [org.hibernate.engine.transaction.jta.platform.internal.NoJtaPlatform]
2021-05-06_12-55-37 [restartedMain] INFO  o.s.o.j.LocalContainerEntityManagerFactoryBean - Initialized JPA EntityManagerFactory for persistence unit 'default'
2021-05-06_12-55-37 [restartedMain] INFO  s.d.s.w.PropertySourcedRequestMappingHandlerMapping - Mapped URL path [/v2/api-docs] onto method [springfox.documentation.swagger2.web.Swagger2Controller#getDocumentation(String, HttpServletRequest)]
2021-05-06_12-55-37 [restartedMain] INFO  o.s.s.web.DefaultSecurityFilterChain - Will secure any request with [org.springframework.security.web.context.request.async.WebAsyncManagerIntegrationFilter@1c1133a2, org.springframework.security.web.context.SecurityContextPersistenceFilter@691c64b8, org.springframework.security.web.header.HeaderWriterFilter@2662e9e4, org.springframework.security.web.authentication.logout.LogoutFilter@49acbee7, com.cts.authorization.config.JwtRequestFilter@77a331e3, org.springframework.security.web.savedrequest.RequestCacheAwareFilter@d88f291, org.springframework.security.web.servletapi.SecurityContextHolderAwareRequestFilter@1c47c454, org.springframework.security.web.authentication.AnonymousAuthenticationFilter@784116be, org.springframework.security.web.session.SessionManagementFilter@54d46dad, org.springframework.security.web.access.ExceptionTranslationFilter@2b4e9f0f, org.springframework.security.web.access.intercept.FilterSecurityInterceptor@1cc74880]
2021-05-06_12-55-37 [restartedMain] INFO  o.s.s.c.ThreadPoolTaskExecutor - Initializing ExecutorService 'applicationTaskExecutor'
2021-05-06_12-55-37 [restartedMain] INFO  o.a.coyote.http11.Http11NioProtocol - Starting ProtocolHandler ["http-nio-8400"]
2021-05-06_12-55-37 [restartedMain] INFO  o.s.b.w.e.tomcat.TomcatWebServer - Tomcat started on port(s): 8400 (http) with context path '/auth'
2021-05-06_12-55-37 [restartedMain] INFO  s.d.s.w.p.DocumentationPluginsBootstrapper - Context refreshed
2021-05-06_12-55-37 [restartedMain] INFO  s.d.s.w.p.DocumentationPluginsBootstrapper - Found 1 custom documentation plugin(s)
2021-05-06_12-55-37 [restartedMain] INFO  s.d.s.w.s.ApiListingReferenceScanner - Scanning for api listing references
2021-05-06_12-55-37 [restartedMain] INFO  c.c.a.AuthorizatiionMicroserviceApplication - Started AuthorizatiionMicroserviceApplication in 18.425 seconds (JVM running for 22.013)
2021-05-06_12-55-37 [http-nio-8400-exec-1] INFO  o.a.c.c.C.[.[localhost].[/auth] - Initializing Spring DispatcherServlet 'dispatcherServlet'
2021-05-06_12-55-37 [http-nio-8400-exec-1] INFO  o.s.web.servlet.DispatcherServlet - Initializing Servlet 'dispatcherServlet'
2021-05-06_12-55-37 [http-nio-8400-exec-1] INFO  o.s.web.servlet.DispatcherServlet - Completed initialization in 14 ms
2021-05-06_12-55-37 [http-nio-8400-exec-1] INFO  c.c.a.service.JwtUserDetailsService - User found
2021-05-06_12-55-37 [http-nio-8400-exec-1] INFO  c.c.a.service.JwtUserDetailsService - user successfully located
2021-05-06_12-55-37 [http-nio-8400-exec-1] INFO  c.c.a.service.JwtUserDetailsService - User found
2021-05-06_12-55-37 [http-nio-8400-exec-1] INFO  c.c.a.service.JwtUserDetailsService - user successfully located
2021-05-06_12-55-37 [http-nio-8400-exec-2] INFO  c.c.a.service.JwtUserDetailsService - User found
2021-05-06_12-55-37 [http-nio-8400-exec-2] INFO  c.c.a.service.JwtUserDetailsService - user successfully located
2021-05-06_12-55-37 [http-nio-8400-exec-2] INFO  c.c.a.service.JwtUserDetailsService - User found
2021-05-06_12-55-37 [http-nio-8400-exec-2] INFO  c.c.a.service.JwtUserDetailsService - user successfully located
2021-05-06_12-55-37 [http-nio-8400-exec-3] INFO  c.c.a.service.JwtUserDetailsService - User found
2021-05-06_12-55-37 [http-nio-8400-exec-3] INFO  c.c.a.service.JwtUserDetailsService - user successfully located
2021-05-06_12-55-37 [http-nio-8400-exec-4] INFO  c.c.a.service.JwtUserDetailsService - User found
2021-05-06_12-55-37 [http-nio-8400-exec-4] INFO  c.c.a.service.JwtUserDetailsService - user successfully located
2021-05-06_12-55-37 [http-nio-8400-exec-6] INFO  c.c.a.service.JwtUserDetailsService - User found
2021-05-06_12-55-37 [http-nio-8400-exec-6] INFO  c.c.a.service.JwtUserDetailsService - user successfully located
2021-05-06_12-55-37 [http-nio-8400-exec-8] INFO  c.c.a.service.JwtUserDetailsService - User found
2021-05-06_12-55-37 [http-nio-8400-exec-8] INFO  c.c.a.service.JwtUserDetailsService - user successfully located
2021-05-06_12-55-37 [http-nio-8400-exec-9] INFO  c.c.a.service.JwtUserDetailsService - User found
2021-05-06_12-55-37 [http-nio-8400-exec-9] INFO  c.c.a.service.JwtUserDetailsService - user successfully located
2021-05-06_12-55-37 [http-nio-8400-exec-1] INFO  c.c.a.service.JwtUserDetailsService - User found
2021-05-06_12-55-37 [http-nio-8400-exec-1] INFO  c.c.a.service.JwtUserDetailsService - user successfully located
2021-05-06_12-55-37 [http-nio-8400-exec-3] INFO  c.c.a.service.JwtUserDetailsService - User found
2021-05-06_12-55-37 [http-nio-8400-exec-3] INFO  c.c.a.service.JwtUserDetailsService - user successfully located
2021-05-06_12-55-37 [http-nio-8400-exec-4] INFO  c.c.a.service.JwtUserDetailsService - User found
2021-05-06_12-55-37 [http-nio-8400-exec-4] INFO  c.c.a.service.JwtUserDetailsService - user successfully located
2021-05-06_12-55-37 [http-nio-8400-exec-5] INFO  c.c.a.service.JwtUserDetailsService - User found
2021-05-06_12-55-37 [http-nio-8400-exec-5] INFO  c.c.a.service.JwtUserDetailsService - user successfully located
2021-05-06_12-55-37 [http-nio-8400-exec-6] INFO  c.c.a.service.JwtUserDetailsService - User found
2021-05-06_12-55-37 [http-nio-8400-exec-6] INFO  c.c.a.service.JwtUserDetailsService - user successfully located
2021-05-06_12-55-37 [http-nio-8400-exec-8] INFO  c.c.a.service.JwtUserDetailsService - User found
2021-05-06_12-55-37 [http-nio-8400-exec-8] INFO  c.c.a.service.JwtUserDetailsService - user successfully located
2021-05-06_12-55-37 [http-nio-8400-exec-8] INFO  c.c.a.service.JwtUserDetailsService - User found
2021-05-06_12-55-37 [http-nio-8400-exec-8] INFO  c.c.a.service.JwtUserDetailsService - user successfully located
2021-05-06_12-55-37 [http-nio-8400-exec-9] INFO  c.c.a.service.JwtUserDetailsService - User found
2021-05-06_12-55-37 [http-nio-8400-exec-9] INFO  c.c.a.service.JwtUserDetailsService - user successfully located
2021-05-06_12-55-37 [http-nio-8400-exec-2] INFO  c.c.a.service.JwtUserDetailsService - User found
2021-05-06_12-55-37 [http-nio-8400-exec-2] INFO  c.c.a.service.JwtUserDetailsService - user successfully located
2021-05-06_12-55-37 [http-nio-8400-exec-3] INFO  c.c.a.service.JwtUserDetailsService - User found
2021-05-06_12-55-37 [http-nio-8400-exec-3] INFO  c.c.a.service.JwtUserDetailsService - user successfully located
2021-05-06_12-55-37 [http-nio-8400-exec-5] INFO  c.c.a.service.JwtUserDetailsService - User found
2021-05-06_12-55-37 [http-nio-8400-exec-5] INFO  c.c.a.service.JwtUserDetailsService - user successfully located
2021-05-06_12-55-37 [http-nio-8400-exec-7] INFO  c.c.a.service.JwtUserDetailsService - User found
2021-05-06_12-55-37 [http-nio-8400-exec-7] INFO  c.c.a.service.JwtUserDetailsService - user successfully located
2021-05-06_12-55-37 [http-nio-8400-exec-9] INFO  c.c.a.service.JwtUserDetailsService - User found
2021-05-06_12-55-37 [http-nio-8400-exec-9] INFO  c.c.a.service.JwtUserDetailsService - user successfully located
2021-05-06_12-55-37 [http-nio-8400-exec-10] INFO  c.c.a.service.JwtUserDetailsService - User found
2021-05-06_12-55-37 [http-nio-8400-exec-10] INFO  c.c.a.service.JwtUserDetailsService - user successfully located
2021-05-06_12-55-37 [http-nio-8400-exec-1] INFO  c.c.a.service.JwtUserDetailsService - User found
2021-05-06_12-55-37 [http-nio-8400-exec-1] INFO  c.c.a.service.JwtUserDetailsService - user successfully located
2021-05-06_12-55-37 [http-nio-8400-exec-3] INFO  c.c.a.service.JwtUserDetailsService - User found
2021-05-06_12-55-37 [http-nio-8400-exec-3] INFO  c.c.a.service.JwtUserDetailsService - user successfully located
2021-05-06_12-55-37 [http-nio-8400-exec-3] INFO  c.c.a.service.JwtUserDetailsService - User found
2021-05-06_12-55-37 [http-nio-8400-exec-3] INFO  c.c.a.service.JwtUserDetailsService - user successfully located
2021-05-06_12-55-37 [http-nio-8400-exec-4] INFO  c.c.a.service.JwtUserDetailsService - User found
2021-05-06_12-55-37 [http-nio-8400-exec-4] INFO  c.c.a.service.JwtUserDetailsService - user successfully located
2021-05-06_12-55-37 [http-nio-8400-exec-6] INFO  c.c.a.service.JwtUserDetailsService - User found
2021-05-06_12-55-37 [http-nio-8400-exec-6] INFO  c.c.a.service.JwtUserDetailsService - user successfully located
2021-05-06_12-55-37 [http-nio-8400-exec-7] INFO  c.c.a.service.JwtUserDetailsService - User found
2021-05-06_12-55-37 [http-nio-8400-exec-7] INFO  c.c.a.service.JwtUserDetailsService - user successfully located
2021-05-06_12-55-37 [http-nio-8400-exec-9] INFO  c.c.a.service.JwtUserDetailsService - User found
2021-05-06_12-55-37 [http-nio-8400-exec-9] INFO  c.c.a.service.JwtUserDetailsService - user successfully located
2021-05-06_12-55-37 [http-nio-8400-exec-2] INFO  c.c.a.service.JwtUserDetailsService - User found
2021-05-06_12-55-37 [http-nio-8400-exec-2] INFO  c.c.a.service.JwtUserDetailsService - user successfully located
2021-05-06_12-55-37 [http-nio-8400-exec-2] INFO  c.c.a.service.JwtUserDetailsService - User found
2021-05-06_12-55-37 [http-nio-8400-exec-2] INFO  c.c.a.service.JwtUserDetailsService - user successfully located
2021-05-06_12-55-37 [http-nio-8400-exec-3] INFO  c.c.a.service.JwtUserDetailsService - User found
2021-05-06_12-55-37 [http-nio-8400-exec-3] INFO  c.c.a.service.JwtUserDetailsService - user successfully located
2021-05-06_12-55-37 [http-nio-8400-exec-5] INFO  c.c.a.service.JwtUserDetailsService - User found
2021-05-06_12-55-37 [http-nio-8400-exec-5] INFO  c.c.a.service.JwtUserDetailsService - user successfully located
2021-05-06_12-55-37 [http-nio-8400-exec-6] INFO  c.c.a.service.JwtUserDetailsService - User found
2021-05-06_12-55-37 [http-nio-8400-exec-6] INFO  c.c.a.service.JwtUserDetailsService - user successfully located
2021-05-06_12-55-37 [http-nio-8400-exec-8] INFO  c.c.a.service.JwtUserDetailsService - User found
2021-05-06_12-55-37 [http-nio-8400-exec-8] INFO  c.c.a.service.JwtUserDetailsService - user successfully located
2021-05-06_12-55-37 [http-nio-8400-exec-10] INFO  c.c.a.service.JwtUserDetailsService - User found
2021-05-06_12-55-37 [http-nio-8400-exec-10] INFO  c.c.a.service.JwtUserDetailsService - user successfully located
2021-05-06_12-55-37 [http-nio-8400-exec-2] INFO  c.c.a.service.JwtUserDetailsService - User found
2021-05-06_12-55-37 [http-nio-8400-exec-2] INFO  c.c.a.service.JwtUserDetailsService - user successfully located
2021-05-06_12-55-37 [http-nio-8400-exec-4] INFO  c.c.a.service.JwtUserDetailsService - User found
2021-05-06_12-55-37 [http-nio-8400-exec-4] INFO  c.c.a.service.JwtUserDetailsService - user successfully located
2021-05-06_12-55-37 [http-nio-8400-exec-10] INFO  c.c.a.service.JwtUserDetailsService - User found
2021-05-06_12-55-37 [http-nio-8400-exec-10] INFO  c.c.a.service.JwtUserDetailsService - user successfully located
2021-05-06_12-55-37 [http-nio-8400-exec-10] INFO  c.c.a.service.JwtUserDetailsService - User found
2021-05-06_12-55-37 [http-nio-8400-exec-10] INFO  c.c.a.service.JwtUserDetailsService - user successfully located
2021-05-06_12-55-37 [http-nio-8400-exec-1] INFO  c.c.a.service.JwtUserDetailsService - User found
2021-05-06_12-55-37 [http-nio-8400-exec-1] INFO  c.c.a.service.JwtUserDetailsService - user successfully located
2021-05-06_12-55-37 [http-nio-8400-exec-2] INFO  c.c.a.service.JwtUserDetailsService - User found
2021-05-06_12-55-37 [http-nio-8400-exec-2] INFO  c.c.a.service.JwtUserDetailsService - user successfully located
2021-05-06_12-55-37 [http-nio-8400-exec-3] INFO  c.c.a.service.JwtUserDetailsService - User found
2021-05-06_12-55-37 [http-nio-8400-exec-3] INFO  c.c.a.service.JwtUserDetailsService - user successfully located
2021-05-06_12-55-37 [http-nio-8400-exec-4] INFO  c.c.a.service.JwtUserDetailsService - User found
2021-05-06_12-55-37 [http-nio-8400-exec-4] INFO  c.c.a.service.JwtUserDetailsService - user successfully located
2021-05-06_12-55-37 [http-nio-8400-exec-6] INFO  c.c.a.service.JwtUserDetailsService - User found
2021-05-06_12-55-37 [http-nio-8400-exec-6] INFO  c.c.a.service.JwtUserDetailsService - user successfully located
2021-05-06_12-55-37 [http-nio-8400-exec-8] INFO  c.c.a.service.JwtUserDetailsService - User found
2021-05-06_12-55-37 [http-nio-8400-exec-8] INFO  c.c.a.service.JwtUserDetailsService - user successfully located
2021-05-06_12-55-37 [http-nio-8400-exec-9] INFO  c.c.a.service.JwtUserDetailsService - User found
2021-05-06_12-55-37 [http-nio-8400-exec-9] INFO  c.c.a.service.JwtUserDetailsService - user successfully located
2021-05-06_12-55-37 [http-nio-8400-exec-10] INFO  c.c.a.service.JwtUserDetailsService - User found
2021-05-06_12-55-37 [http-nio-8400-exec-10] INFO  c.c.a.service.JwtUserDetailsService - user successfully located
2021-05-06_12-55-37 [http-nio-8400-exec-2] INFO  c.c.a.service.JwtUserDetailsService - User found
2021-05-06_12-55-37 [http-nio-8400-exec-2] INFO  c.c.a.service.JwtUserDetailsService - user successfully located
2021-05-06_12-55-37 [http-nio-8400-exec-4] INFO  c.c.a.service.JwtUserDetailsService - User found
2021-05-06_12-55-37 [http-nio-8400-exec-4] INFO  c.c.a.service.JwtUserDetailsService - user successfully located
2021-05-06_12-55-37 [http-nio-8400-exec-5] INFO  c.c.a.service.JwtUserDetailsService - User found
2021-05-06_12-55-37 [http-nio-8400-exec-5] INFO  c.c.a.service.JwtUserDetailsService - user successfully located
2021-05-06_12-55-37 [http-nio-8400-exec-7] INFO  c.c.a.service.JwtUserDetailsService - User found
2021-05-06_12-55-37 [http-nio-8400-exec-7] INFO  c.c.a.service.JwtUserDetailsService - user successfully located
2021-05-06_12-55-37 [http-nio-8400-exec-8] INFO  c.c.a.service.JwtUserDetailsService - User found
2021-05-06_12-55-37 [http-nio-8400-exec-8] INFO  c.c.a.service.JwtUserDetailsService - user successfully located
2021-05-06_12-55-37 [http-nio-8400-exec-9] INFO  c.c.a.service.JwtUserDetailsService - User found
2021-05-06_12-55-37 [http-nio-8400-exec-9] INFO  c.c.a.service.JwtUserDetailsService - user successfully located
2021-05-06_12-55-37 [http-nio-8400-exec-3] INFO  c.c.a.service.JwtUserDetailsService - User found
2021-05-06_12-55-37 [http-nio-8400-exec-3] INFO  c.c.a.service.JwtUserDetailsService - user successfully located
2021-05-06_12-55-37 [http-nio-8400-exec-3] INFO  c.c.a.service.JwtUserDetailsService - User found
2021-05-06_12-55-37 [http-nio-8400-exec-3] INFO  c.c.a.service.JwtUserDetailsService - user successfully located
2021-05-06_12-55-37 [http-nio-8400-exec-4] INFO  c.c.a.service.JwtUserDetailsService - User found
2021-05-06_12-55-37 [http-nio-8400-exec-4] INFO  c.c.a.service.JwtUserDetailsService - user successfully located
2021-05-06_12-55-37 [http-nio-8400-exec-5] INFO  c.c.a.service.JwtUserDetailsService - User found
2021-05-06_12-55-37 [http-nio-8400-exec-5] INFO  c.c.a.service.JwtUserDetailsService - user successfully located
2021-05-06_12-55-37 [http-nio-8400-exec-7] INFO  c.c.a.service.JwtUserDetailsService - User found
2021-05-06_12-55-37 [http-nio-8400-exec-7] INFO  c.c.a.service.JwtUserDetailsService - user successfully located
2021-05-06_12-55-37 [http-nio-8400-exec-9] INFO  c.c.a.service.JwtUserDetailsService - User found
2021-05-06_12-55-37 [http-nio-8400-exec-9] INFO  c.c.a.service.JwtUserDetailsService - user successfully located
2021-05-06_12-55-37 [http-nio-8400-exec-4] INFO  c.c.a.service.JwtUserDetailsService - User found
2021-05-06_12-55-37 [http-nio-8400-exec-4] INFO  c.c.a.service.JwtUserDetailsService - user successfully located
2021-05-06_12-55-37 [http-nio-8400-exec-4] INFO  c.c.a.service.JwtUserDetailsService - User found
2021-05-06_12-55-37 [http-nio-8400-exec-4] INFO  c.c.a.service.JwtUserDetailsService - user successfully located
2021-05-06_12-55-37 [http-nio-8400-exec-5] INFO  c.c.a.service.JwtUserDetailsService - User found
2021-05-06_12-55-37 [http-nio-8400-exec-5] INFO  c.c.a.service.JwtUserDetailsService - user successfully located
2021-05-06_12-55-37 [http-nio-8400-exec-7] INFO  c.c.a.service.JwtUserDetailsService - User found
2021-05-06_12-55-37 [http-nio-8400-exec-7] INFO  c.c.a.service.JwtUserDetailsService - user successfully located
2021-05-06_21-31-50 [restartedMain] INFO  c.c.a.AuthorizatiionMicroserviceApplication - Starting AuthorizatiionMicroserviceApplication using Java 1.8.0_201 on DESKTOP-V60NDFE with PID 7864 (G:\CTS Training\CDE-Project-International-Patients-treatment-management\Authorizatiion-Microservice\target\classes started by Chandana in G:\CTS Training\CDE-Project-International-Patients-treatment-management\Authorizatiion-Microservice)
2021-05-06_21-31-50 [restartedMain] INFO  c.c.a.AuthorizatiionMicroserviceApplication - No active profile set, falling back to default profiles: default
2021-05-06_21-31-50 [restartedMain] INFO  o.s.b.d.e.DevToolsPropertyDefaultsPostProcessor - Devtools property defaults active! Set 'spring.devtools.add-properties' to 'false' to disable
2021-05-06_21-31-50 [restartedMain] INFO  o.s.b.d.e.DevToolsPropertyDefaultsPostProcessor - For additional web related logging consider setting the 'logging.level.web' property to 'DEBUG'
2021-05-06_21-31-50 [restartedMain] INFO  o.s.d.r.c.RepositoryConfigurationDelegate - Bootstrapping Spring Data JPA repositories in DEFAULT mode.
2021-05-06_21-31-50 [restartedMain] INFO  o.s.d.r.c.RepositoryConfigurationDelegate - Finished Spring Data repository scanning in 283 ms. Found 1 JPA repository interfaces.
2021-05-06_21-31-50 [restartedMain] INFO  o.s.cloud.context.scope.GenericScope - BeanFactory id=17a149ef-bdf0-3183-9b89-1dc5d9e72896
2021-05-06_21-31-50 [restartedMain] INFO  o.s.b.w.e.tomcat.TomcatWebServer - Tomcat initialized with port(s): 8400 (http)
2021-05-06_21-31-50 [restartedMain] INFO  o.a.coyote.http11.Http11NioProtocol - Initializing ProtocolHandler ["http-nio-8400"]
2021-05-06_21-31-50 [restartedMain] INFO  o.a.catalina.core.StandardService - Starting service [Tomcat]
2021-05-06_21-31-50 [restartedMain] INFO  o.a.catalina.core.StandardEngine - Starting Servlet engine: [Apache Tomcat/9.0.41]
2021-05-06_21-31-50 [restartedMain] INFO  o.a.c.c.C.[.[localhost].[/auth] - Initializing Spring embedded WebApplicationContext
2021-05-06_21-31-50 [restartedMain] INFO  o.s.b.w.s.c.ServletWebServerApplicationContext - Root WebApplicationContext: initialization completed in 19465 ms
2021-05-06_21-31-50 [restartedMain] INFO  com.zaxxer.hikari.HikariDataSource - HikariPool-1 - Starting...
2021-05-06_21-31-50 [restartedMain] INFO  com.zaxxer.hikari.HikariDataSource - HikariPool-1 - Start completed.
2021-05-06_21-31-50 [restartedMain] INFO  o.s.b.a.h.H2ConsoleAutoConfiguration - H2 console available at '/db'. Database available at 'jdbc:h2:mem:testdb'
2021-05-06_21-31-50 [restartedMain] INFO  o.h.jpa.internal.util.LogHelper - HHH000204: Processing PersistenceUnitInfo [name: default]
2021-05-06_21-31-50 [restartedMain] INFO  org.hibernate.Version - HHH000412: Hibernate ORM core version 5.4.27.Final
2021-05-06_21-31-50 [restartedMain] INFO  o.h.annotations.common.Version - HCANN000001: Hibernate Commons Annotations {5.1.2.Final}
2021-05-06_21-31-50 [restartedMain] INFO  org.hibernate.dialect.Dialect - HHH000400: Using dialect: org.hibernate.dialect.H2Dialect
2021-05-06_21-31-50 [restartedMain] INFO  o.h.e.t.j.p.i.JtaPlatformInitiator - HHH000490: Using JtaPlatform implementation: [org.hibernate.engine.transaction.jta.platform.internal.NoJtaPlatform]
2021-05-06_21-31-50 [restartedMain] INFO  o.s.o.j.LocalContainerEntityManagerFactoryBean - Initialized JPA EntityManagerFactory for persistence unit 'default'
2021-05-06_21-31-50 [restartedMain] INFO  o.s.b.d.a.OptionalLiveReloadServer - LiveReload server is running on port 35729
2021-05-06_21-31-50 [restartedMain] INFO  s.d.s.w.PropertySourcedRequestMappingHandlerMapping - Mapped URL path [/v2/api-docs] onto method [springfox.documentation.swagger2.web.Swagger2Controller#getDocumentation(String, HttpServletRequest)]
2021-05-06_21-31-50 [restartedMain] INFO  o.s.s.web.DefaultSecurityFilterChain - Will secure any request with [org.springframework.security.web.context.request.async.WebAsyncManagerIntegrationFilter@4053db9, org.springframework.security.web.context.SecurityContextPersistenceFilter@5ad557cf, org.springframework.security.web.header.HeaderWriterFilter@485e8f4b, org.springframework.security.web.authentication.logout.LogoutFilter@692a3570, com.cts.authorization.config.JwtRequestFilter@14a1fffe, org.springframework.security.web.savedrequest.RequestCacheAwareFilter@648e00bc, org.springframework.security.web.servletapi.SecurityContextHolderAwareRequestFilter@4adb42b6, org.springframework.security.web.authentication.AnonymousAuthenticationFilter@6ed8f3c7, org.springframework.security.web.session.SessionManagementFilter@25f13794, org.springframework.security.web.access.ExceptionTranslationFilter@414324b, org.springframework.security.web.access.intercept.FilterSecurityInterceptor@21832c6d]
2021-05-06_21-31-50 [restartedMain] INFO  o.s.s.c.ThreadPoolTaskExecutor - Initializing ExecutorService 'applicationTaskExecutor'
2021-05-06_21-31-50 [restartedMain] INFO  o.a.coyote.http11.Http11NioProtocol - Starting ProtocolHandler ["http-nio-8400"]
2021-05-06_21-31-50 [restartedMain] INFO  o.s.b.w.e.tomcat.TomcatWebServer - Tomcat started on port(s): 8400 (http) with context path '/auth'
2021-05-06_21-31-50 [restartedMain] INFO  s.d.s.w.p.DocumentationPluginsBootstrapper - Context refreshed
2021-05-06_21-31-50 [restartedMain] INFO  s.d.s.w.p.DocumentationPluginsBootstrapper - Found 1 custom documentation plugin(s)
2021-05-06_21-31-50 [restartedMain] INFO  s.d.s.w.s.ApiListingReferenceScanner - Scanning for api listing references
2021-05-06_21-31-50 [restartedMain] INFO  c.c.a.AuthorizatiionMicroserviceApplication - Started AuthorizatiionMicroserviceApplication in 50.94 seconds (JVM running for 57.584)
2021-05-06_21-31-50 [http-nio-8400-exec-1] INFO  o.a.c.c.C.[.[localhost].[/auth] - Initializing Spring DispatcherServlet 'dispatcherServlet'
2021-05-06_21-31-50 [http-nio-8400-exec-1] INFO  o.s.web.servlet.DispatcherServlet - Initializing Servlet 'dispatcherServlet'
2021-05-06_21-31-50 [http-nio-8400-exec-1] INFO  o.s.web.servlet.DispatcherServlet - Completed initialization in 17 ms
2021-05-06_21-31-50 [http-nio-8400-exec-1] INFO  c.c.a.service.JwtUserDetailsService - User found
2021-05-06_21-31-50 [http-nio-8400-exec-1] INFO  c.c.a.service.JwtUserDetailsService - user successfully located
2021-05-06_21-31-50 [http-nio-8400-exec-1] INFO  c.c.a.service.JwtUserDetailsService - User found
2021-05-06_21-31-50 [http-nio-8400-exec-1] INFO  c.c.a.service.JwtUserDetailsService - user successfully located
2021-05-06_21-31-50 [http-nio-8400-exec-2] INFO  c.c.a.service.JwtUserDetailsService - User found
2021-05-06_21-31-50 [http-nio-8400-exec-2] INFO  c.c.a.service.JwtUserDetailsService - user successfully located
2021-05-06_21-31-50 [http-nio-8400-exec-3] INFO  c.c.a.service.JwtUserDetailsService - User found
2021-05-06_21-31-50 [http-nio-8400-exec-3] INFO  c.c.a.service.JwtUserDetailsService - user successfully located
2021-05-06_21-31-50 [http-nio-8400-exec-4] INFO  c.c.a.service.JwtUserDetailsService - User found
2021-05-06_21-31-50 [http-nio-8400-exec-4] INFO  c.c.a.service.JwtUserDetailsService - user successfully located
2021-05-06_21-31-50 [http-nio-8400-exec-7] INFO  c.c.a.service.JwtUserDetailsService - User found
2021-05-06_21-31-50 [http-nio-8400-exec-7] INFO  c.c.a.service.JwtUserDetailsService - user successfully located
2021-05-06_21-31-50 [http-nio-8400-exec-8] INFO  c.c.a.service.JwtUserDetailsService - User found
2021-05-06_21-31-50 [http-nio-8400-exec-8] INFO  c.c.a.service.JwtUserDetailsService - user successfully located
2021-05-06_21-31-50 [http-nio-8400-exec-10] INFO  c.c.a.service.JwtUserDetailsService - User found
2021-05-06_21-31-50 [http-nio-8400-exec-10] INFO  c.c.a.service.JwtUserDetailsService - user successfully located
2021-05-06_21-31-50 [http-nio-8400-exec-1] INFO  c.c.a.service.JwtUserDetailsService - User found
2021-05-06_21-31-50 [http-nio-8400-exec-1] INFO  c.c.a.service.JwtUserDetailsService - user successfully located
2021-05-06_21-31-50 [http-nio-8400-exec-2] INFO  c.c.a.service.JwtUserDetailsService - User found
2021-05-06_21-31-50 [http-nio-8400-exec-2] INFO  c.c.a.service.JwtUserDetailsService - user successfully located
2021-05-06_21-31-50 [http-nio-8400-exec-4] INFO  c.c.a.service.JwtUserDetailsService - User found
2021-05-06_21-31-50 [http-nio-8400-exec-4] INFO  c.c.a.service.JwtUserDetailsService - user successfully located
2021-05-06_21-31-50 [http-nio-8400-exec-5] INFO  c.c.a.service.JwtUserDetailsService - User found
2021-05-06_21-31-50 [http-nio-8400-exec-5] INFO  c.c.a.service.JwtUserDetailsService - user successfully located
2021-05-06_21-31-50 [http-nio-8400-exec-6] INFO  c.c.a.service.JwtUserDetailsService - User found
2021-05-06_21-31-50 [http-nio-8400-exec-6] INFO  c.c.a.service.JwtUserDetailsService - user successfully located
2021-05-06_21-31-50 [http-nio-8400-exec-7] INFO  c.c.a.service.JwtUserDetailsService - User found
2021-05-06_21-31-50 [http-nio-8400-exec-7] INFO  c.c.a.service.JwtUserDetailsService - user successfully located
2021-05-06_21-31-50 [http-nio-8400-exec-8] INFO  c.c.a.service.JwtUserDetailsService - User found
2021-05-06_21-31-50 [http-nio-8400-exec-8] INFO  c.c.a.service.JwtUserDetailsService - user successfully located
2021-05-06_21-31-50 [http-nio-8400-exec-9] INFO  c.c.a.service.JwtUserDetailsService - User found
2021-05-06_21-31-50 [http-nio-8400-exec-9] INFO  c.c.a.service.JwtUserDetailsService - user successfully located
2021-05-06_21-31-50 [http-nio-8400-exec-10] INFO  c.c.a.service.JwtUserDetailsService - User found
2021-05-06_21-31-50 [http-nio-8400-exec-10] INFO  c.c.a.service.JwtUserDetailsService - user successfully located
2021-05-06_21-31-50 [http-nio-8400-exec-1] INFO  c.c.a.service.JwtUserDetailsService - User found
2021-05-06_21-31-50 [http-nio-8400-exec-1] INFO  c.c.a.service.JwtUserDetailsService - user successfully located
2021-05-06_21-31-50 [http-nio-8400-exec-2] INFO  c.c.a.service.JwtUserDetailsService - User found
2021-05-06_21-31-50 [http-nio-8400-exec-2] INFO  c.c.a.service.JwtUserDetailsService - user successfully located
2021-05-06_21-31-50 [http-nio-8400-exec-3] INFO  c.c.a.service.JwtUserDetailsService - User found
2021-05-06_21-31-50 [http-nio-8400-exec-3] INFO  c.c.a.service.JwtUserDetailsService - user successfully located
2021-05-06_21-31-50 [http-nio-8400-exec-4] INFO  c.c.a.service.JwtUserDetailsService - User found
2021-05-06_21-31-50 [http-nio-8400-exec-4] INFO  c.c.a.service.JwtUserDetailsService - user successfully located
2021-05-06_21-31-50 [http-nio-8400-exec-5] INFO  c.c.a.service.JwtUserDetailsService - User found
2021-05-06_21-31-50 [http-nio-8400-exec-5] INFO  c.c.a.service.JwtUserDetailsService - user successfully located
2021-05-06_21-31-50 [http-nio-8400-exec-10] INFO  c.c.a.service.JwtUserDetailsService - User found
2021-05-06_21-31-50 [http-nio-8400-exec-10] INFO  c.c.a.service.JwtUserDetailsService - user successfully located
2021-05-06_21-31-50 [http-nio-8400-exec-10] INFO  c.c.a.service.JwtUserDetailsService - User found
2021-05-06_21-31-50 [http-nio-8400-exec-10] INFO  c.c.a.service.JwtUserDetailsService - user successfully located
2021-05-06_21-31-50 [http-nio-8400-exec-1] INFO  c.c.a.service.JwtUserDetailsService - User found
2021-05-06_21-31-50 [http-nio-8400-exec-1] INFO  c.c.a.service.JwtUserDetailsService - user successfully located
2021-05-06_21-31-50 [http-nio-8400-exec-2] INFO  c.c.a.service.JwtUserDetailsService - User found
2021-05-06_21-31-50 [http-nio-8400-exec-2] INFO  c.c.a.service.JwtUserDetailsService - user successfully located
2021-05-06_21-31-50 [http-nio-8400-exec-3] INFO  c.c.a.service.JwtUserDetailsService - User found
2021-05-06_21-31-50 [http-nio-8400-exec-3] INFO  c.c.a.service.JwtUserDetailsService - user successfully located
2021-05-06_21-31-50 [http-nio-8400-exec-5] INFO  c.c.a.service.JwtUserDetailsService - User found
2021-05-06_21-31-50 [http-nio-8400-exec-5] INFO  c.c.a.service.JwtUserDetailsService - user successfully located
2021-05-06_21-31-50 [http-nio-8400-exec-6] INFO  c.c.a.service.JwtUserDetailsService - User found
2021-05-06_21-31-50 [http-nio-8400-exec-6] INFO  c.c.a.service.JwtUserDetailsService - user successfully located
2021-05-06_21-31-50 [http-nio-8400-exec-7] INFO  c.c.a.service.JwtUserDetailsService - User found
2021-05-06_21-31-50 [http-nio-8400-exec-7] INFO  c.c.a.service.JwtUserDetailsService - user successfully located
2021-05-06_21-31-50 [http-nio-8400-exec-9] INFO  c.c.a.service.JwtUserDetailsService - User found
2021-05-06_21-31-50 [http-nio-8400-exec-9] INFO  c.c.a.service.JwtUserDetailsService - user successfully located
2021-05-06_21-31-50 [http-nio-8400-exec-9] INFO  c.c.a.service.JwtUserDetailsService - User found
2021-05-06_21-31-50 [http-nio-8400-exec-9] INFO  c.c.a.service.JwtUserDetailsService - user successfully located
2021-05-06_21-31-50 [http-nio-8400-exec-10] INFO  c.c.a.service.JwtUserDetailsService - User found
2021-05-06_21-31-50 [http-nio-8400-exec-10] INFO  c.c.a.service.JwtUserDetailsService - user successfully located
2021-05-06_21-31-50 [http-nio-8400-exec-1] INFO  c.c.a.service.JwtUserDetailsService - User found
2021-05-06_21-31-50 [http-nio-8400-exec-1] INFO  c.c.a.service.JwtUserDetailsService - user successfully located
2021-05-06_21-31-50 [http-nio-8400-exec-4] INFO  c.c.a.service.JwtUserDetailsService - User found
2021-05-06_21-31-50 [http-nio-8400-exec-4] INFO  c.c.a.service.JwtUserDetailsService - user successfully located
2021-05-06_21-31-50 [http-nio-8400-exec-5] INFO  c.c.a.service.JwtUserDetailsService - User found
2021-05-06_21-31-50 [http-nio-8400-exec-5] INFO  c.c.a.service.JwtUserDetailsService - user successfully located
