2021-05-07_11-25-31 [restartedMain] INFO  c.c.a.AuthorizatiionMicroserviceApplication - Starting AuthorizatiionMicroserviceApplication using Java 1.8.0_201 on DESKTOP-V60NDFE with PID 9872 (G:\CTS Training\CDE-Project-International-Patients-treatment-management\Authorizatiion-Microservice\target\classes started by Chandana in G:\CTS Training\CDE-Project-International-Patients-treatment-management\Authorizatiion-Microservice)
2021-05-07_11-25-31 [restartedMain] INFO  c.c.a.AuthorizatiionMicroserviceApplication - No active profile set, falling back to default profiles: default
2021-05-07_11-25-31 [restartedMain] INFO  o.s.b.d.e.DevToolsPropertyDefaultsPostProcessor - Devtools property defaults active! Set 'spring.devtools.add-properties' to 'false' to disable
2021-05-07_11-25-31 [restartedMain] INFO  o.s.b.d.e.DevToolsPropertyDefaultsPostProcessor - For additional web related logging consider setting the 'logging.level.web' property to 'DEBUG'
2021-05-07_11-25-31 [restartedMain] INFO  o.s.d.r.c.RepositoryConfigurationDelegate - Bootstrapping Spring Data JPA repositories in DEFAULT mode.
2021-05-07_11-25-31 [restartedMain] INFO  o.s.d.r.c.RepositoryConfigurationDelegate - Finished Spring Data repository scanning in 215 ms. Found 1 JPA repository interfaces.
2021-05-07_11-25-31 [restartedMain] INFO  o.s.cloud.context.scope.GenericScope - BeanFactory id=17a149ef-bdf0-3183-9b89-1dc5d9e72896
2021-05-07_11-25-31 [restartedMain] INFO  o.s.b.w.e.tomcat.TomcatWebServer - Tomcat initialized with port(s): 8400 (http)
2021-05-07_11-25-31 [restartedMain] INFO  o.a.coyote.http11.Http11NioProtocol - Initializing ProtocolHandler ["http-nio-8400"]
2021-05-07_11-25-31 [restartedMain] INFO  o.a.catalina.core.StandardService - Starting service [Tomcat]
2021-05-07_11-25-31 [restartedMain] INFO  o.a.catalina.core.StandardEngine - Starting Servlet engine: [Apache Tomcat/9.0.41]
2021-05-07_11-25-31 [restartedMain] INFO  o.a.c.c.C.[.[localhost].[/auth] - Initializing Spring embedded WebApplicationContext
2021-05-07_11-25-31 [restartedMain] INFO  o.s.b.w.s.c.ServletWebServerApplicationContext - Root WebApplicationContext: initialization completed in 12179 ms
2021-05-07_11-25-31 [restartedMain] INFO  com.zaxxer.hikari.HikariDataSource - HikariPool-1 - Starting...
2021-05-07_11-25-31 [restartedMain] INFO  com.zaxxer.hikari.HikariDataSource - HikariPool-1 - Start completed.
2021-05-07_11-25-31 [restartedMain] INFO  o.s.b.a.h.H2ConsoleAutoConfiguration - H2 console available at '/db'. Database available at 'jdbc:h2:mem:testdb'
2021-05-07_11-25-31 [restartedMain] INFO  o.h.jpa.internal.util.LogHelper - HHH000204: Processing PersistenceUnitInfo [name: default]
2021-05-07_11-25-31 [restartedMain] INFO  org.hibernate.Version - HHH000412: Hibernate ORM core version 5.4.27.Final
2021-05-07_11-25-31 [restartedMain] INFO  o.h.annotations.common.Version - HCANN000001: Hibernate Commons Annotations {5.1.2.Final}
2021-05-07_11-25-31 [restartedMain] INFO  org.hibernate.dialect.Dialect - HHH000400: Using dialect: org.hibernate.dialect.H2Dialect
2021-05-07_11-25-31 [restartedMain] INFO  o.h.e.t.j.p.i.JtaPlatformInitiator - HHH000490: Using JtaPlatform implementation: [org.hibernate.engine.transaction.jta.platform.internal.NoJtaPlatform]
2021-05-07_11-25-31 [restartedMain] INFO  o.s.o.j.LocalContainerEntityManagerFactoryBean - Initialized JPA EntityManagerFactory for persistence unit 'default'
2021-05-07_11-25-31 [restartedMain] INFO  o.s.b.d.a.OptionalLiveReloadServer - LiveReload server is running on port 35729
2021-05-07_11-25-31 [restartedMain] INFO  s.d.s.w.PropertySourcedRequestMappingHandlerMapping - Mapped URL path [/v2/api-docs] onto method [springfox.documentation.swagger2.web.Swagger2Controller#getDocumentation(String, HttpServletRequest)]
2021-05-07_11-25-31 [restartedMain] INFO  o.s.s.web.DefaultSecurityFilterChain - Will secure any request with [org.springframework.security.web.context.request.async.WebAsyncManagerIntegrationFilter@43d0a893, org.springframework.security.web.context.SecurityContextPersistenceFilter@5a882ad5, org.springframework.security.web.header.HeaderWriterFilter@78321a18, org.springframework.security.web.authentication.logout.LogoutFilter@14a950b3, com.cts.authorization.config.JwtRequestFilter@7b0c7957, org.springframework.security.web.savedrequest.RequestCacheAwareFilter@6395baa4, org.springframework.security.web.servletapi.SecurityContextHolderAwareRequestFilter@5efb97bb, org.springframework.security.web.authentication.AnonymousAuthenticationFilter@53b870f9, org.springframework.security.web.session.SessionManagementFilter@12e5868, org.springframework.security.web.access.ExceptionTranslationFilter@28e988e7, org.springframework.security.web.access.intercept.FilterSecurityInterceptor@72fda449]
2021-05-07_11-25-31 [restartedMain] INFO  o.s.s.c.ThreadPoolTaskExecutor - Initializing ExecutorService 'applicationTaskExecutor'
2021-05-07_11-25-31 [restartedMain] INFO  o.a.coyote.http11.Http11NioProtocol - Starting ProtocolHandler ["http-nio-8400"]
2021-05-07_11-25-31 [restartedMain] INFO  o.s.b.w.e.tomcat.TomcatWebServer - Tomcat started on port(s): 8400 (http) with context path '/auth'
2021-05-07_11-25-31 [restartedMain] INFO  s.d.s.w.p.DocumentationPluginsBootstrapper - Context refreshed
2021-05-07_11-25-31 [restartedMain] INFO  s.d.s.w.p.DocumentationPluginsBootstrapper - Found 1 custom documentation plugin(s)
2021-05-07_11-25-31 [restartedMain] INFO  s.d.s.w.s.ApiListingReferenceScanner - Scanning for api listing references
2021-05-07_11-25-31 [restartedMain] INFO  c.c.a.AuthorizatiionMicroserviceApplication - Started AuthorizatiionMicroserviceApplication in 32.194 seconds (JVM running for 35.732)
2021-05-07_11-25-31 [http-nio-8400-exec-1] INFO  o.a.c.c.C.[.[localhost].[/auth] - Initializing Spring DispatcherServlet 'dispatcherServlet'
2021-05-07_11-25-31 [http-nio-8400-exec-1] INFO  o.s.web.servlet.DispatcherServlet - Initializing Servlet 'dispatcherServlet'
2021-05-07_11-25-31 [http-nio-8400-exec-1] INFO  o.s.web.servlet.DispatcherServlet - Completed initialization in 13 ms
2021-05-07_11-25-31 [http-nio-8400-exec-1] INFO  c.c.a.service.JwtUserDetailsService - User found
2021-05-07_11-25-31 [http-nio-8400-exec-1] INFO  c.c.a.service.JwtUserDetailsService - user successfully located
2021-05-07_11-25-31 [http-nio-8400-exec-1] INFO  c.c.a.service.JwtUserDetailsService - User found
2021-05-07_11-25-31 [http-nio-8400-exec-1] INFO  c.c.a.service.JwtUserDetailsService - user successfully located
2021-05-07_11-25-31 [http-nio-8400-exec-2] INFO  c.c.a.service.JwtUserDetailsService - User found
2021-05-07_11-25-31 [http-nio-8400-exec-2] INFO  c.c.a.service.JwtUserDetailsService - user successfully located
2021-05-07_11-25-31 [http-nio-8400-exec-3] INFO  c.c.a.service.JwtUserDetailsService - User found
2021-05-07_11-25-31 [http-nio-8400-exec-3] INFO  c.c.a.service.JwtUserDetailsService - user successfully located
2021-05-07_11-25-31 [http-nio-8400-exec-4] INFO  c.c.a.service.JwtUserDetailsService - User found
2021-05-07_11-25-31 [http-nio-8400-exec-4] INFO  c.c.a.service.JwtUserDetailsService - user successfully located
2021-05-07_11-25-31 [http-nio-8400-exec-5] INFO  c.c.a.service.JwtUserDetailsService - User found
2021-05-07_11-25-31 [http-nio-8400-exec-5] INFO  c.c.a.service.JwtUserDetailsService - user successfully located
2021-05-07_11-25-31 [http-nio-8400-exec-6] INFO  c.c.a.service.JwtUserDetailsService - User found
2021-05-07_11-25-31 [http-nio-8400-exec-6] INFO  c.c.a.service.JwtUserDetailsService - user successfully located
2021-05-07_11-25-31 [http-nio-8400-exec-8] INFO  c.c.a.service.JwtUserDetailsService - User found
2021-05-07_11-25-31 [http-nio-8400-exec-8] INFO  c.c.a.service.JwtUserDetailsService - user successfully located
2021-05-07_11-25-31 [http-nio-8400-exec-10] INFO  c.c.a.service.JwtUserDetailsService - User found
2021-05-07_11-25-31 [http-nio-8400-exec-10] INFO  c.c.a.service.JwtUserDetailsService - user successfully located
2021-05-07_11-25-31 [http-nio-8400-exec-1] INFO  c.c.a.service.JwtUserDetailsService - User found
2021-05-07_11-25-31 [http-nio-8400-exec-1] INFO  c.c.a.service.JwtUserDetailsService - user successfully located
2021-05-07_11-25-31 [http-nio-8400-exec-3] INFO  c.c.a.service.JwtUserDetailsService - User found
2021-05-07_11-25-31 [http-nio-8400-exec-3] INFO  c.c.a.service.JwtUserDetailsService - user successfully located
2021-05-07_11-25-31 [http-nio-8400-exec-4] INFO  c.c.a.service.JwtUserDetailsService - User found
2021-05-07_11-25-31 [http-nio-8400-exec-4] INFO  c.c.a.service.JwtUserDetailsService - user successfully located
2021-05-07_11-25-31 [http-nio-8400-exec-6] INFO  c.c.a.service.JwtUserDetailsService - User found
2021-05-07_11-25-31 [http-nio-8400-exec-6] INFO  c.c.a.service.JwtUserDetailsService - user successfully located
2021-05-07_11-25-31 [http-nio-8400-exec-7] INFO  c.c.a.service.JwtUserDetailsService - User found
2021-05-07_11-25-31 [http-nio-8400-exec-7] INFO  c.c.a.service.JwtUserDetailsService - user successfully located
2021-05-07_11-25-31 [http-nio-8400-exec-9] INFO  c.c.a.service.JwtUserDetailsService - User found
2021-05-07_11-25-31 [http-nio-8400-exec-9] INFO  c.c.a.service.JwtUserDetailsService - user successfully located
2021-05-07_11-25-31 [http-nio-8400-exec-1] INFO  c.c.a.service.JwtUserDetailsService - User found
2021-05-07_11-25-31 [http-nio-8400-exec-1] INFO  c.c.a.service.JwtUserDetailsService - user successfully located
2021-05-07_11-25-31 [http-nio-8400-exec-2] INFO  c.c.a.service.JwtUserDetailsService - User found
2021-05-07_11-25-31 [http-nio-8400-exec-2] INFO  c.c.a.service.JwtUserDetailsService - user successfully located
2021-05-07_11-25-31 [http-nio-8400-exec-4] INFO  c.c.a.service.JwtUserDetailsService - User found
2021-05-07_11-25-31 [http-nio-8400-exec-4] INFO  c.c.a.service.JwtUserDetailsService - user successfully located
2021-05-07_11-25-31 [http-nio-8400-exec-5] INFO  c.c.a.service.JwtUserDetailsService - User found
2021-05-07_11-25-31 [http-nio-8400-exec-5] INFO  c.c.a.service.JwtUserDetailsService - user successfully located
2021-05-07_11-25-31 [http-nio-8400-exec-10] INFO  c.c.a.service.JwtUserDetailsService - User found
2021-05-07_11-25-31 [http-nio-8400-exec-10] INFO  c.c.a.service.JwtUserDetailsService - user successfully located
2021-05-07_11-25-31 [http-nio-8400-exec-10] INFO  c.c.a.service.JwtUserDetailsService - User found
2021-05-07_11-25-31 [http-nio-8400-exec-10] INFO  c.c.a.service.JwtUserDetailsService - user successfully located
2021-05-07_11-25-31 [http-nio-8400-exec-1] INFO  c.c.a.service.JwtUserDetailsService - User found
2021-05-07_11-25-31 [http-nio-8400-exec-1] INFO  c.c.a.service.JwtUserDetailsService - user successfully located
2021-05-07_11-25-31 [http-nio-8400-exec-2] INFO  c.c.a.service.JwtUserDetailsService - User found
2021-05-07_11-25-31 [http-nio-8400-exec-2] INFO  c.c.a.service.JwtUserDetailsService - user successfully located
2021-05-07_11-25-31 [http-nio-8400-exec-3] INFO  c.c.a.service.JwtUserDetailsService - User found
2021-05-07_11-25-31 [http-nio-8400-exec-3] INFO  c.c.a.service.JwtUserDetailsService - user successfully located
2021-05-07_11-25-31 [http-nio-8400-exec-4] INFO  c.c.a.service.JwtUserDetailsService - User found
2021-05-07_11-25-31 [http-nio-8400-exec-4] INFO  c.c.a.service.JwtUserDetailsService - user successfully located
2021-05-07_11-25-31 [http-nio-8400-exec-5] INFO  c.c.a.service.JwtUserDetailsService - User found
2021-05-07_11-25-31 [http-nio-8400-exec-5] INFO  c.c.a.service.JwtUserDetailsService - user successfully located
2021-05-07_11-25-31 [http-nio-8400-exec-6] INFO  c.c.a.service.JwtUserDetailsService - User found
2021-05-07_11-25-31 [http-nio-8400-exec-6] INFO  c.c.a.service.JwtUserDetailsService - user successfully located
2021-05-07_11-25-31 [http-nio-8400-exec-8] INFO  c.c.a.service.JwtUserDetailsService - User found
2021-05-07_11-25-31 [http-nio-8400-exec-8] INFO  c.c.a.service.JwtUserDetailsService - user successfully located
2021-05-07_11-25-31 [http-nio-8400-exec-9] INFO  c.c.a.service.JwtUserDetailsService - User found
2021-05-07_11-25-31 [http-nio-8400-exec-9] INFO  c.c.a.service.JwtUserDetailsService - user successfully located
2021-05-07_11-25-31 [http-nio-8400-exec-10] INFO  c.c.a.service.JwtUserDetailsService - User found
2021-05-07_11-25-31 [http-nio-8400-exec-10] INFO  c.c.a.service.JwtUserDetailsService - user successfully located
2021-05-07_11-25-31 [http-nio-8400-exec-2] INFO  c.c.a.service.JwtUserDetailsService - User found
2021-05-07_11-25-31 [http-nio-8400-exec-2] INFO  c.c.a.service.JwtUserDetailsService - user successfully located
2021-05-07_11-25-31 [http-nio-8400-exec-3] INFO  c.c.a.service.JwtUserDetailsService - User found
2021-05-07_11-25-31 [http-nio-8400-exec-3] INFO  c.c.a.service.JwtUserDetailsService - user successfully located
2021-05-07_11-25-31 [http-nio-8400-exec-6] INFO  c.c.a.service.JwtUserDetailsService - User found
2021-05-07_11-25-31 [http-nio-8400-exec-6] INFO  c.c.a.service.JwtUserDetailsService - user successfully located
2021-05-07_11-25-31 [http-nio-8400-exec-6] INFO  c.c.a.service.JwtUserDetailsService - User found
2021-05-07_11-25-31 [http-nio-8400-exec-6] INFO  c.c.a.service.JwtUserDetailsService - user successfully located
2021-05-07_11-25-31 [http-nio-8400-exec-7] INFO  c.c.a.service.JwtUserDetailsService - User found
2021-05-07_11-25-31 [http-nio-8400-exec-7] INFO  c.c.a.service.JwtUserDetailsService - user successfully located
2021-05-07_11-25-31 [http-nio-8400-exec-9] INFO  c.c.a.service.JwtUserDetailsService - User found
2021-05-07_11-25-31 [http-nio-8400-exec-9] INFO  c.c.a.service.JwtUserDetailsService - user successfully located
2021-05-07_11-25-31 [http-nio-8400-exec-10] INFO  c.c.a.service.JwtUserDetailsService - User found
2021-05-07_11-25-31 [http-nio-8400-exec-10] INFO  c.c.a.service.JwtUserDetailsService - user successfully located
2021-05-07_11-25-31 [http-nio-8400-exec-2] INFO  c.c.a.service.JwtUserDetailsService - User found
2021-05-07_11-25-31 [http-nio-8400-exec-2] INFO  c.c.a.service.JwtUserDetailsService - user successfully located
2021-05-07_11-25-31 [http-nio-8400-exec-4] INFO  c.c.a.service.JwtUserDetailsService - User found
2021-05-07_11-25-31 [http-nio-8400-exec-4] INFO  c.c.a.service.JwtUserDetailsService - user successfully located
2021-05-07_19-03-41 [restartedMain] INFO  c.c.a.AuthorizatiionMicroserviceApplication - Starting AuthorizatiionMicroserviceApplication using Java 1.8.0_201 on DESKTOP-V60NDFE with PID 236 (G:\CTS Training\CDE-Project-International-Patients-treatment-management\Authorizatiion-Microservice\target\classes started by Chandana in G:\CTS Training\CDE-Project-International-Patients-treatment-management\Authorizatiion-Microservice)
2021-05-07_19-03-41 [restartedMain] INFO  c.c.a.AuthorizatiionMicroserviceApplication - No active profile set, falling back to default profiles: default
2021-05-07_19-03-41 [restartedMain] INFO  o.s.b.d.e.DevToolsPropertyDefaultsPostProcessor - Devtools property defaults active! Set 'spring.devtools.add-properties' to 'false' to disable
2021-05-07_19-03-41 [restartedMain] INFO  o.s.b.d.e.DevToolsPropertyDefaultsPostProcessor - For additional web related logging consider setting the 'logging.level.web' property to 'DEBUG'
2021-05-07_19-03-41 [restartedMain] INFO  o.s.d.r.c.RepositoryConfigurationDelegate - Bootstrapping Spring Data JPA repositories in DEFAULT mode.
2021-05-07_19-03-41 [restartedMain] INFO  o.s.d.r.c.RepositoryConfigurationDelegate - Finished Spring Data repository scanning in 254 ms. Found 1 JPA repository interfaces.
2021-05-07_19-03-41 [restartedMain] INFO  o.s.cloud.context.scope.GenericScope - BeanFactory id=17a149ef-bdf0-3183-9b89-1dc5d9e72896
2021-05-07_19-03-41 [restartedMain] INFO  o.s.b.w.e.tomcat.TomcatWebServer - Tomcat initialized with port(s): 8400 (http)
2021-05-07_19-03-41 [restartedMain] INFO  o.a.coyote.http11.Http11NioProtocol - Initializing ProtocolHandler ["http-nio-8400"]
2021-05-07_19-03-41 [restartedMain] INFO  o.a.catalina.core.StandardService - Starting service [Tomcat]
2021-05-07_19-03-41 [restartedMain] INFO  o.a.catalina.core.StandardEngine - Starting Servlet engine: [Apache Tomcat/9.0.41]
2021-05-07_19-03-41 [restartedMain] INFO  o.a.c.c.C.[.[localhost].[/auth] - Initializing Spring embedded WebApplicationContext
2021-05-07_19-03-41 [restartedMain] INFO  o.s.b.w.s.c.ServletWebServerApplicationContext - Root WebApplicationContext: initialization completed in 9709 ms
2021-05-07_19-03-41 [restartedMain] INFO  com.zaxxer.hikari.HikariDataSource - HikariPool-1 - Starting...
2021-05-07_19-03-41 [restartedMain] INFO  com.zaxxer.hikari.HikariDataSource - HikariPool-1 - Start completed.
2021-05-07_19-03-41 [restartedMain] INFO  o.s.b.a.h.H2ConsoleAutoConfiguration - H2 console available at '/db'. Database available at 'jdbc:h2:mem:testdb'
2021-05-07_19-03-41 [restartedMain] INFO  o.h.jpa.internal.util.LogHelper - HHH000204: Processing PersistenceUnitInfo [name: default]
2021-05-07_19-03-41 [restartedMain] INFO  org.hibernate.Version - HHH000412: Hibernate ORM core version 5.4.27.Final
2021-05-07_19-03-41 [restartedMain] INFO  o.h.annotations.common.Version - HCANN000001: Hibernate Commons Annotations {5.1.2.Final}
2021-05-07_19-03-41 [restartedMain] INFO  org.hibernate.dialect.Dialect - HHH000400: Using dialect: org.hibernate.dialect.H2Dialect
2021-05-07_19-03-41 [restartedMain] INFO  o.h.e.t.j.p.i.JtaPlatformInitiator - HHH000490: Using JtaPlatform implementation: [org.hibernate.engine.transaction.jta.platform.internal.NoJtaPlatform]
2021-05-07_19-03-41 [restartedMain] INFO  o.s.o.j.LocalContainerEntityManagerFactoryBean - Initialized JPA EntityManagerFactory for persistence unit 'default'
2021-05-07_19-03-41 [restartedMain] INFO  s.d.s.w.PropertySourcedRequestMappingHandlerMapping - Mapped URL path [/v2/api-docs] onto method [springfox.documentation.swagger2.web.Swagger2Controller#getDocumentation(String, HttpServletRequest)]
2021-05-07_19-03-41 [restartedMain] INFO  o.s.s.web.DefaultSecurityFilterChain - Will secure any request with [org.springframework.security.web.context.request.async.WebAsyncManagerIntegrationFilter@265c58a5, org.springframework.security.web.context.SecurityContextPersistenceFilter@97ecfc7, org.springframework.security.web.header.HeaderWriterFilter@68464b13, org.springframework.security.web.authentication.logout.LogoutFilter@1135ff4e, com.cts.authorization.config.JwtRequestFilter@27c44b6a, org.springframework.security.web.savedrequest.RequestCacheAwareFilter@24fc6f12, org.springframework.security.web.servletapi.SecurityContextHolderAwareRequestFilter@1dcca0ec, org.springframework.security.web.authentication.AnonymousAuthenticationFilter@bffdd3e, org.springframework.security.web.session.SessionManagementFilter@77234d6c, org.springframework.security.web.access.ExceptionTranslationFilter@1ecbb6a2, org.springframework.security.web.access.intercept.FilterSecurityInterceptor@20a55660]
2021-05-07_19-03-41 [restartedMain] INFO  o.s.s.c.ThreadPoolTaskExecutor - Initializing ExecutorService 'applicationTaskExecutor'
2021-05-07_19-03-41 [restartedMain] INFO  o.a.coyote.http11.Http11NioProtocol - Starting ProtocolHandler ["http-nio-8400"]
2021-05-07_19-03-41 [restartedMain] INFO  o.s.b.w.e.tomcat.TomcatWebServer - Tomcat started on port(s): 8400 (http) with context path '/auth'
2021-05-07_19-03-41 [restartedMain] INFO  s.d.s.w.p.DocumentationPluginsBootstrapper - Context refreshed
2021-05-07_19-03-41 [restartedMain] INFO  s.d.s.w.p.DocumentationPluginsBootstrapper - Found 1 custom documentation plugin(s)
2021-05-07_19-03-41 [restartedMain] INFO  s.d.s.w.s.ApiListingReferenceScanner - Scanning for api listing references
2021-05-07_19-03-41 [restartedMain] INFO  c.c.a.AuthorizatiionMicroserviceApplication - Started AuthorizatiionMicroserviceApplication in 43.273 seconds (JVM running for 50.774)
2021-05-07_19-03-41 [http-nio-8400-exec-1] INFO  o.a.c.c.C.[.[localhost].[/auth] - Initializing Spring DispatcherServlet 'dispatcherServlet'
2021-05-07_19-03-41 [http-nio-8400-exec-1] INFO  o.s.web.servlet.DispatcherServlet - Initializing Servlet 'dispatcherServlet'
2021-05-07_19-03-41 [http-nio-8400-exec-1] INFO  o.s.web.servlet.DispatcherServlet - Completed initialization in 5 ms
2021-05-07_19-03-41 [http-nio-8400-exec-1] INFO  c.c.a.service.JwtUserDetailsService - User found
2021-05-07_19-03-41 [http-nio-8400-exec-1] INFO  c.c.a.service.JwtUserDetailsService - user successfully located
2021-05-07_19-03-41 [http-nio-8400-exec-1] INFO  c.c.a.service.JwtUserDetailsService - User found
2021-05-07_19-03-41 [http-nio-8400-exec-1] INFO  c.c.a.service.JwtUserDetailsService - user successfully located
2021-05-07_19-03-41 [http-nio-8400-exec-2] INFO  c.c.a.service.JwtUserDetailsService - User found
2021-05-07_19-03-41 [http-nio-8400-exec-2] INFO  c.c.a.service.JwtUserDetailsService - user successfully located
2021-05-07_19-03-41 [http-nio-8400-exec-3] INFO  c.c.a.service.JwtUserDetailsService - User found
2021-05-07_19-03-41 [http-nio-8400-exec-3] INFO  c.c.a.service.JwtUserDetailsService - user successfully located
2021-05-07_19-03-41 [http-nio-8400-exec-6] INFO  c.c.a.service.JwtUserDetailsService - User found
2021-05-07_19-03-41 [http-nio-8400-exec-6] INFO  c.c.a.service.JwtUserDetailsService - user successfully located
2021-05-07_19-03-41 [http-nio-8400-exec-8] INFO  c.c.a.service.JwtUserDetailsService - User found
2021-05-07_19-03-41 [http-nio-8400-exec-8] INFO  c.c.a.service.JwtUserDetailsService - user successfully located
2021-05-07_19-03-41 [http-nio-8400-exec-9] INFO  c.c.a.service.JwtUserDetailsService - User found
2021-05-07_19-03-41 [http-nio-8400-exec-9] INFO  c.c.a.service.JwtUserDetailsService - user successfully located
2021-05-07_19-03-41 [http-nio-8400-exec-10] INFO  c.c.a.service.JwtUserDetailsService - User found
2021-05-07_19-03-41 [http-nio-8400-exec-10] INFO  c.c.a.service.JwtUserDetailsService - user successfully located
2021-05-07_19-03-41 [http-nio-8400-exec-2] INFO  c.c.a.service.JwtUserDetailsService - User found
2021-05-07_19-03-41 [http-nio-8400-exec-2] INFO  c.c.a.service.JwtUserDetailsService - user successfully located
2021-05-07_19-03-41 [http-nio-8400-exec-3] INFO  c.c.a.service.JwtUserDetailsService - User found
2021-05-07_19-03-41 [http-nio-8400-exec-3] INFO  c.c.a.service.JwtUserDetailsService - user successfully located
